04:38:39 15 KM6LYW Connected to CMS
04:38:40 15 Callsign :
04:38:40 15 KM6LYW KM6LYW
04:38:40 15 ;SQ: 20609794
04:38:40 15 ;SR: 14483230 0 0
04:38:40 15 *** [1] Invalid gateway login - Incorrect password - Disconnecting (24.10.100.192)<cr>
04:38:51 15 Disconnected. Bytes Sent = 0 Bytes Received 83 Time 12 Seconds
04:43:50 15 KM6LYW Connected to CMS
04:43:51 15 Callsign :
04:43:51 15 KM6LYW KM6LYW
04:43:51 15 ;SQ: 39180445
04:43:51 15 ;SR: 56731953 0 0
04:43:51 15 [WL2K-5.0-B2FWIHJM$]<cr>
04:43:51 15 ;PQ: 72814038<cr>
04:43:51 15 CMS via KM6LYW ><cr>
04:44:00 15 help<cr>
04:44:01 15 Winlink is designed for automatic message transfer using Airmail, Paclink, <cr><lf>
04:44:01 15 Winlink Express or other client programs that support the B2F protocol. <cr><lf>
04:44:01 15 It will also accept limited keyboard commands. <cr><lf>
04:44:01 15 <cr><lf>
04:44:01 15 The below is subject to change -- <cr><lf>
04:44:01 15     Automations using this interface are discourged.<cr><lf>
04:44:01 15 <cr><lf>
04:44:01 15 Your use of this system is acceptance of the risk associated with sending<cr><lf>
04:44:01 15 portions of your password as part of the logon process.<cr><lf>
04:44:01 15 <cr><lf>
04:44:01 15 Supported Telnet/VHF keyboard commands:<cr><lf>
04:44:01 15 <cr><lf>
04:44:01 15 H or HELP gives you this file<cr><lf>
04:44:01 15 <cr><lf>
04:44:01 15 LOGIN - <cr><lf>
04:44:01 15   Send any command to initiate login. The CMS will respond with a challenge<cr><lf>
04:44:01 15   consisting of three digits who's values represent positions of characters <cr><lf>
04:44:01 15   within your password. See <RESP>.<cr><lf>
04:44:01 15 <cr><lf>
04:44:01 15 <RESP> - This is a six character response to the login challenge. Respond with <cr><lf>
04:44:01 15   three password characters corresponding to the positions in the challenge<cr><lf>
04:44:01 15   plus three additional characters of your choosing (in any order). <cr><lf>
04:44:01 15   Example: Password is AbC123. Login challenge is: 425. You send '1b2Qz5'.<cr><lf>
04:44:01 15   AbZ21t would also be valid since it contains the characters 1, b, and 2<cr><lf>
04:44:01 15   which correspond to the 4th, 2nd, and 5th character in your password.<cr><lf>
04:44:01 15   <cr><lf>
04:44:01 15 LM - Lists all traffic pending for your callsign account. <cr><lf>
04:44:01 15   Shows message ID (MID), date, size, from and subject. <cr><lf>
04:44:01 15 <cr><lf>
04:44:01 15 K <MID> - Example: K 1234_KN6KB Marks the pending message as delivered. <cr><lf>
04:44:01 15 <cr><lf>
04:44:01 15 KM - Mark all messages as delivered. <cr><lf>
04:44:01 15 <cr><lf>
04:44:01 15 B, BYE - Forces a disconnect of the link.<cr><lf>
04:44:01 15 <cr><lf>
04:44:01 15 R <MID> - Example: R 1234_KN6KB   Read the specified message. <cr><lf>
04:44:01 15   Only MIDs addressed to your call or originated by you may be read.<cr><lf>
04:44:01 15   Attachments are not supported.<cr><lf>
04:44:01 15 <cr><lf>
04:44:01 15 RM - Read all pending unread messages to your callsign.<cr><lf>
04:44:01 15 <cr><lf>
04:44:01 15 SP <Destination(s)> - Send a message to the destination(s) indicated. <cr><lf>
04:44:01 15   Destinations may be a radio callsign or "SMTP:<email_address>" <cr><lf>
04:44:01 15   (NOTE! be sure to include the colon after the SMTP!)  <cr><lf>
04:44:01 15   Multiple destinations should be separated by ";" or ","<cr><lf>
04:44:01 15   Example: SP W4ABC;SMTP:Johndoe@aol.com;W1AW;SMTP:sam@iam.us<cr><lf>
04:44:01 15   <cr><lf>
04:44:01 15 Yo
04:44:01 15 u will be prompted for a subject of the new message and then prompted for the <cr><lf>
04:44:01 15 message body.<cr><lf>
04:44:01 15 <cr><lf>
04:44:01 15 For the message body enter any text. End with /EX on a separate line.<cr><lf>
04:44:01 15 <cr><lf>
04:44:01 15 Acceptance of the message will be confirmed. You will be sent a service message <cr><lf>
04:44:01 15 if the message cannot be delivered.<cr><lf>
04:44:01 15 <cr>
04:44:01 15 CMS via KM6LYW ><cr>
04:44:21 15 quit<cr>
04:44:21 15 Login [536]:<cr>
04:44:21 15 CMS via KM6LYW ><cr>
04:44:28 15 exit<cr>
04:44:28 15 Invalid login challenge response -- 2 attempts remaining (H for Help)<cr>
04:44:35 15 Invalid login challenge response -- 1 attempts remaining (H for Help)<cr>
04:44:38 15 quit<cr>
04:44:38 15 *** Too many login attempts - Disconnecting (24.10.100.192)<cr>
04:44:50 15 Disconnected. Bytes Sent = 22 Bytes Received 2589 Time 60 Seconds
