2022/05/18 06:43:36 RigCtl Radio ready. Dial frequency is 3.845.00 MHz.
2022/05/18 06:43:36 Starting HTTP service (http://0.0.0.0:8080)...
2022/05/18 06:43:51 Downloading latest gateway status information...
2022/05/18 06:43:53 download succeeded.
2022/05/18 06:44:34 ARDOP TNC (ARDOP TNC_1.0.4.1i-BPQ) initialized
2022/05/18 06:44:34 QSY ardop: 10146.5
2022/05/18 06:44:37 Connecting to ZL2SEA (ardop)...
2022/05/18 06:45:16 Unable to establish connection to remote: Connect timeout
2022/05/18 06:45:17 QSX ardop: 10146.500
2022/05/18 06:45:29 QSY ardop: 10146.5
2022/05/18 06:45:32 Connecting to ZL2SEA (ardop)...
2022/05/18 06:46:11 Unable to establish connection to remote: Connect timeout
2022/05/18 06:46:12 QSX ardop: 10146.500
2022/05/18 06:49:17 QSY ardop: 7066.5
2022/05/18 06:49:20 Connecting to HI8COE (ardop)...
2022/05/18 06:50:00 Unable to establish connection to remote: Connect timeout
2022/05/18 06:50:01 QSX ardop: 7066.500
2022/05/18 06:50:17 QSY ardop: 14108.5
2022/05/18 06:50:20 Connecting to YN1SN (ardop)...
2022/05/18 06:50:59 Unable to establish connection to remote: Connect timeout
2022/05/18 06:51:00 QSX ardop: 14108.500
2022/05/18 06:51:40 QSY ardop: 14108
2022/05/18 06:51:43 Connecting to YV4VV (ardop)...
2022/05/18 06:52:23 Unable to establish connection to remote: Connect timeout
2022/05/18 06:52:24 QSX ardop: 14108.000
2022/05/18 06:53:55 QSY ardop: 18106.7
2022/05/18 06:53:58 Connecting to HI8COE (ardop)...
2022/05/18 06:54:38 Unable to establish connection to remote: Connect timeout
2022/05/18 06:54:39 QSX ardop: 18106.700
2022/05/18 06:54:55 QSY ardop: 7063.8
2022/05/18 06:54:58 Connecting to TI0BCR (ardop)...
2022/05/18 06:55:37 Unable to establish connection to remote: Connect timeout
2022/05/18 06:55:38 QSX ardop: 7063.800
2022/05/18 06:55:48 QSY ardop: 7097
2022/05/18 06:55:51 Connecting to KD0SFY (ardop)...
2022/05/18 06:56:19 Connected to KD0SFY (ardop)
RMS Trimode 1.3.45.0 Colorado Springs, CO - All msgs subject to review by SYSOP. Due to continued abuses by senders, this station no longer relays Radio-Only traffic.
KM6LYW has 120 daily minutes remaining with KD0SFY (DM78OV)
{SFI = 171 On 2022-05-18 10:00 UTC}
[WL2K-5.0-B2FWIHJM$]
;PQ: 11231811
CMS via KD0SFY >
>FF
;PM: KM6LYW 0FLG58N0QG6Z 124 craig@craiger.org test
;PM: KM6LYW 3R5T5DSSDMHU 233 KJ7OEP@winlink.org First email from DigiPI HF
;PM: KM6LYW SBYGUMOU0NXO 284 NCALWLINKNET@winlink.org Re: Winlink Net
;PM: KM6LYW FFG8O5YHS6VF 412 SERVICE@winlink.org Undelivered Message
;PM: KM6LYW 8R0AJJBACOYP 2281 NCALWLINKNET@winlink.org NorCal Winlink Net Weekly Check in Reminder
FC EM 0FLG58N0QG6Z 128 124 0
FC EM 3R5T5DSSDMHU 276 233 0
FC EM SBYGUMOU0NXO 406 284 0
FC EM FFG8O5YHS6VF 553 412 0
FC EM 8R0AJJBACOYP 4383 2281 0
F> FB
5 proposal(s) received
Accepting 0FLG58N0QG6Z
Accepting 3R5T5DSSDMHU
Accepting SBYGUMOU0NXO
Accepting FFG8O5YHS6VF
Accepting 8R0AJJBACOYP
Receiving [test] [offset 0]
Receiving [First email from DigiPI HF] [offset 0]
Receiving [Re: Winlink Net] [offset 0]
Receiving [Undelivered Message] [offset 0]
Receiving [NorCal Winlink Net Weekly Check in Reminder] [offset 0]
>FF
FQ
2022/05/18 07:07:18 Disconnected.
2022/05/18 07:07:19 QSX ardop: 7097.000
2022/05/18 07:07:38 QSY ardop: 10131.5
2022/05/18 07:07:41 Connecting to VA7PF (ardop)...
2022/05/18 07:08:20 Unable to establish connection to remote: Connect timeout
2022/05/18 07:08:21 QSX ardop: 10131.500
2022/05/18 07:08:49 QSY ardop: 14113.5
2022/05/18 07:08:52 Connecting to N0DAJ (ardop)...
2022/05/18 07:09:31 Unable to establish connection to remote: Connect timeout
2022/05/18 07:09:32 QSX ardop: 14113.500
2022/05/18 07:10:14 QSY ardop: 7106.5
2022/05/18 07:10:17 Connecting to N0DAJ (ardop)...
2022/05/18 07:10:37 Connected to N0DAJ (ardop)
RMS Trimode 1.3.45.0 N0DAJ Gateway, Wickenburg, AZ, HF autoforward if no internet
KM6LYW has 320 daily minutes remaining with N0DAJ (DM34OA)
{SFI = 171 On 2022-05-18 13:00 UTC}
[WL2K-5.0-B2FWIHJM$]
;PQ: 24060882
CMS via N0DAJ >
>FC EM 26ABXNMS5AM3 295 253 0
Sending checksum A7
FS Y
Remote accepted 26ABXNMS5AM3
Transmitting [Re: First email from DigiPI HF] [offset 0]
FF
>FQ
2022/05/18 07:12:57 Disconnected.
2022/05/18 07:12:58 QSX ardop: 7106.500
