Dire Wolf version 1.6
Includes optional support for:  hamlib

Reading config file /home/pi/direwolf.conf
Line 8: Invalid port number for IGate server. Using default 14580.
Audio device for both receive and transmit: plughw:0,0  (channel 0)
Channel 0: 1200 baud, AFSK 1200 & 2200 Hz, E+, 44100 sample rate / 3.
KM6LYWfix: waiting 500ms beofre initializing gpio.
KM6LYWfix: waiting 500ms beofre initializing gpio.
Ready to accept AGW client application 0 on port 8000 ...
Ready to accept KISS TCP client application 0 on port 8001 ...

Now connected to IGate server dallas.aprs2.net (204.110.191.232)
Check server status here http://204.110.191.232:14501

[ig] # aprsc 2.1.10-gd72a17c
[ig] # logresp KM6LYW-1 verified, server T2DALLAS
[0L] GTOWN>APDW16,WIDE2-1:!G:k^2/w-`#{>G KM6LYW WIDE-1 RF+inet fx.25 craiger.org/digipi
FX.25[0.0]: Matched correlation tag 0x02 with 0 bit errors.  Expecting 128 data & 16 check bytes.
FX.25[0.1]: Matched correlation tag 0x02 with 0 bit errors.  Expecting 128 data & 16 check bytes.
FX.25[0.2]: Matched correlation tag 0x02 with 0 bit errors.  Expecting 128 data & 16 check bytes.
FX.25[0.3]: Matched correlation tag 0x02 with 0 bit errors.  Expecting 128 data & 16 check bytes.
FX.25[0.4]: Matched correlation tag 0x02 with 0 bit errors.  Expecting 128 data & 16 check bytes.
FX.25[0.5]: Matched correlation tag 0x02 with 2 bit errors.  Expecting 128 data & 16 check bytes.
FX.25[0.5]: FEC failed.  Too many errors.
FX.25[0.4]: FEC complete, fixed  1 errors in byte positions: 29
FX.25[0.1]: FEC complete with no errors.
FX.25[0.2]: FEC complete with no errors.
FX.25[0.3]: FEC complete with no errors.
FX.25[0.0]: FEC complete with no errors.

GTOWN audio level = 8(15/9)    00001____
[0.2] GTOWN>APDW16,WIDE2-1:!G:k^2/w-`#{>G KM6LYW WIDE-1 RF+inet fx.25 craiger.org/digipi

Digipeater K6FGA-1 audio level = 47(24/16)   [NONE]   _|||||||_
[0.4] GTOWN>APDW16,K6FGA-1*,WIDE2:!G:k^2/w-`#{>G KM6LYW WIDE-1 RF+inet fx.25 craiger.org/digipi

Digipeater K6FGA-1 audio level = 46(26/16)   [NONE]   _:|||||__
[0.3] KW6V-9>SYPSRP,K6FGA-1*,WIDE2-1:`1B<0x1d>pqkk/`"4#}_%<0x0d>

Digipeater W6SCR-4 audio level = 72(36/22)   [NONE]   _|||||||_
[0.4] KW6V-9>SYPSRP,W6SCR-4*,WIDE2-1:`1B<0x1d>pqkk/`"4#}_%<0x0d>

Digipeater K6FGA-1 audio level = 47(27/15)   [NONE]   _||||||__
[0.3] KW6V-9>SYPSRP,W6SCR-4,K6FGA-1*,WIDE2:`1B<0x1d>pqkk/`"4#}_%<0x0d>

Digipeater K6FGA-1 audio level = 46(24/16)   [NONE]   _|||||||_
[0.4] KJ6LNH-1>APRS,K6FGA-1*,WIDE2-1:@072115z3800.62N/12158.15W_149/005g009t069r000p000P000b10133h52

Digipeater K6FGA-1 audio level = 46(23/16)   [NONE]   _||||||__
[0.3] N6VV-2>APMI06,K6FGA-1*,WIDE2-1:@072115z3757.13NI12205.63W&Contra Costa IGATE

Digipeater K6FGA-1 audio level = 47(27/17)   [NONE]   _||||||__
[0.3] WA6OSX-5>APT311,K6FGA-1*,WIDE2-1:>

Digipeater K6FGA-1 audio level = 46(27/16)   [NONE]   _||||||__
[0.3] K9TSR-9>S7TYXP,BKELEY,WIDE1,K6FGA-1*,WIDE2:`2-[oSqj/`"3r}146.520MHz listening on 146.500_1<0x0d>

Digipeater W6SCR-4 audio level = 71(36/22)   [NONE]   __||||||:
[0.5] KF7WEJ-2>S9SSPR,W6SCR-4*,WIDE2-1:`1O<0x1d>l!.k/>"4A}=<0x0d>

Digipeater K6FGA-1 audio level = 46(27/16)   [NONE]   __|||||__
[0.4] KF7WEJ-2>S9SSPR,W6SCR-4,K6FGA-1*,WIDE2:`1O<0x1d>l!.k/>"4A}=<0x0d>

W6SCR-4 audio level = 72(37/22)   [NONE]   _:||||||_
[0.4] W6SCR-4>APOT30,WIDE1:!3931.42N/12118.02W# 13.8V 71F Sunset Hill Fill-in W1/NCa1

Digipeater K6FGA-1 audio level = 47(26/16)   [NONE]   _|||||||_
[0.4] K9TSR-9>S7TYUW,BKELEY,WIDE1,K6FGA-1*,WIDE2:`2->p4zj/`"4!}146.520MHz listening on 146.500_1<0x0d>

KM6LYW audio level = 63(34/17)   [NONE]   __:|||||_
[0.4] KM6LYW>SXUUZZ,WIDE1-1:`0Opl#/[/`"<]}Craig 145.430Mhz -0.6 T162.2_$<0x0d>
[0H] KM6LYW>SXUUZZ,GTOWN*:`0Opl#/[/`"<]}Craig 145.430Mhz -0.6 T162.2_$<0x0d>
FX.25[0.4]: Matched correlation tag 0x02 with 1 bit errors.  Expecting 128 data & 16 check bytes.
FX.25[0.5]: Matched correlation tag 0x02 with 1 bit errors.  Expecting 128 data & 16 check bytes.
FX.25[0.0]: Matched correlation tag 0x02 with 1 bit errors.  Expecting 128 data & 16 check bytes.
FX.25[0.1]: Matched correlation tag 0x02 with 1 bit errors.  Expecting 128 data & 16 check bytes.
FX.25[0.2]: Matched correlation tag 0x02 with 1 bit errors.  Expecting 128 data & 16 check bytes.
FX.25[0.3]: Matched correlation tag 0x02 with 1 bit errors.  Expecting 128 data & 16 check bytes.
FX.25[0.5]: FEC failed.  Too many errors.
FX.25[0.0]: FEC complete with no errors.
FX.25[0.1]: FEC complete with no errors.
FX.25[0.2]: FEC complete with no errors.
FX.25[0.3]: FEC complete with no errors.
FX.25[0.4]: FEC complete with no errors.

Digipeater GTOWN audio level = 8(14/8)    00000____
[0.2] KM6LYW>SXUUZZ,GTOWN*:`0Opl#/[/`"<]}Craig 145.430Mhz -0.6 T162.2_$<0x0d>

Digipeater K6FGA-1 audio level = 46(28/16)   [NONE]   _|||||||_
[0.4] KJ6IX-9>S8USPQ,ALDER,K6FGA-1*,WIDE2:`/H3l#=k/"D3}

RANCHO audio level = 62(29/16)   [NONE]   ___||||||
[0.5] RANCHO>APN391:!3843.52N112038.40W#PHG2560/NCAn,TEMPn/AG6AU/Rancho del Sol,Camino,CA/A=003400<0x0d>

Digipeater K6FGA-1 audio level = 46(25/16)   [NONE]   _|||||||_
[0.4] WA6OSX-5>APT311,K6FGA-1*,WIDE2-1:$GPRMC,211707,A,3817.4660,N,12117.8873,W,023,089,071021,,*01

Digipeater K6FGA-1 audio level = 46(23/16)   [NONE]   __||||||_
[0.4] WA6SEK-9>SWTRSV,W6CX-3,K6FGA-1*,WIDE2:`1G=l?Kj/`"5_}151.625MHz & 151.940 & 146.520_%<0x0d>

Digipeater K6FGA-1 audio level = 46(24/16)   [NONE]   _|||||||_
[0.4] SHASTA>APN383,N6RZR-3,K6FGA-1*,WIDE2:!4113.29NS12214.27W#PHG3630/W2,NCAn Soda Ridge,Dunsmuir K6SIS/A=004280<0x0d>

Digipeater K6FGA-1 audio level = 57(29/18)   [NONE]   ___|||:__
[0.4] KW6V-9>SYPQQX,K6FGA-1*,WIDE2-1:`1B%pqkk/`"3y}_%<0x0d>

Digipeater K6FGA-1 audio level = 47(28/16)   [NONE]   _||||||__
[0.3] K9TSR-9>S7TYTY,BKELEY,WIDE1,K6FGA-1*,WIDE2:`2,%n Rj/`"4?}146.520MHz listening on 146.500_1<0x0d>

Digipeater K6FGA-1 audio level = 46(25/16)   [NONE]   _|||||||_
[0.4] W6DY-12>TP3PRW,N6RZR-3,WIDE1,K6FGA-1*,WIDE2-1:`20<o!.>/'"5H}!w`?!|3

Digipeater K6FGA-1 audio level = 47(24/17)   [NONE]   _|||||||_
[0.4] ALDER>BEACON,K6FGA-1*,WIDE2:T#770,219,045,031,024,119,00010001<0x0d>

Digipeater K6FGA-1 audio level = 47(23/17)   [NONE]   _|||||||_
[0.4] K9TSR-9>S7TYVU,BKELEY,WIDE1,K6FGA-1*,WIDE2:`2,<0x1d>nz'j/`"49}146.520MHz listening on 146.500_1<0x0d>

Digipeater K6FGA-1 audio level = 47(24/16)   [NONE]   _||||||:_
[0.4] KE6CAC>S8RTZZ,K6FGA-1*,WIDE2-2:'17Xl <0x1c>-/]<0x0d>

Digipeater K6FGA-1 audio level = 47(29/16)   [NONE]   __|||||__
[0.4] KS4FUN-12>3X0PRU,W6CX-3,K6FGA-1*,WIDE2:`2^=l!E+/'"49}|'e%h'k|!woS!|3

Digipeater K6FGA-1 audio level = 47(27/16)   [NONE]   _||||||__
[0.3] K9TSR-9>S7UPTR,BKELEY,WIDE1,K6FGA-1*,WIDE2:`2+kq4Kj/`"4:}146.520MHz listening on 146.500_1<0x0d>

Digipeater K6FGA-1 audio level = 46(24/16)   [NONE]   _|||||||_
[0.4] W6DY-12>TP2YQU,N6RZR-3,WIDE1,K6FGA-1*,WIDE2-1:`2/Oo?H>/'"5=}!wOo!|3

Digipeater K6FGA-1 audio level = 46(32/16)   [NONE]   _|||||||_
[0.4] KW6V-9>SXUYST,K6FGA-1*,WIDE2-1:`1A4pqNk/`"3^}_%<0x0d>

Digipeater W6SCR-4 audio level = 71(37/22)   [NONE]   __||||||_
[0.4] KF7WEJ-2>S9SSPS,W6SCR-4*,WIDE2-1:`1O<0x1d>l ,k/>"4L}=<0x0d>

Digipeater K6FGA-1 audio level = 47(28/16)   [NONE]   _||||||__
[0.3] KF7WEJ-2>S9SSPS,W6SCR-4,K6FGA-1*,WIDE2:`1O<0x1d>l ,k/>"4L}=<0x0d>

Digipeater K6FGA-1 audio level = 46(34/16)   [NONE]   _|||||||_
[0.4] KJ6LNH-1>APRS,K6FGA-1*,WIDE2-1:@072120z3800.62N/12158.15W_124/005g008t069r000p000P000b10132h52

Digipeater K6FGA-1 audio level = 47(24/16)   [NONE]   _|||||||_
[0.4] GAPWX>APOTW1,GAPCON,WIDE1,K6FGA-1*,WIDE2:> 14.0V Green Acres WX1 / KI6MLK

Digipeater K6FGA-1 audio level = 47(24/16)   [NONE]   _|||||||_
[0.4] GAPWX>APOTW1,GAPCON,WIDE1,K6FGA-1*,WIDE2:!3900.45N/12018.75W_040/003g007t059P000h39b10165OTW1

[ig>tx] N6VV-2>APMI06,TCPIP*,qAC,T2SJC:@072120z3757.13NI12205.63W&Contra Costa IGATE

Digipeater K6FGA-1 audio level = 47(29/16)   [NONE]   _||||||__
[0.3] KO6TH-15>APWW11,K6FGA-1*,WIDE2:/071420z3857.54N/12106.64W_000/003g000t076r000p000P000h33b00000

Digipeater K6FGA-1 audio level = 47(24/16)   [NONE]   _||||||__
[0.3] WA6TOW-2>APMI06,K6FGA-1*,NCA2:;146.925MM*111111z3733.67N/12228.66Wr146.925MHz T114 - R30m WA6TOW Montara Mountain

Digipeater K6FGA-1 audio level = 47(24/16)   [NONE]   _|||||||_
[0.4] W6CX-3>APN382,K6FGA-1*,NCA1:!3753.56N112153.96W#PHG5430/W1,NCAn/N.Peak,Mt Diablo/A=003624<0x0d>

Digipeater K6FGA-1 audio level = 48(27/16)   [NONE]   __||||||_
[0.4] K9TSR-9>S7UPYY,BKELEY,WIDE1,K6FGA-1*,WIDE2:`2*Bp4nj/`"4v}146.520MHz listening on 146.500_1<0x0d>

Digipeater K6FGA-1 audio level = 47(24/16)   [NONE]   __||||||_
[0.4] KS4FUN-12>3X0PRU,W6CX-3,K6FGA-1*,WIDE2:`2^=l!N+/'"47}|'f%h'k|!woK!|3

K6FGA-1 audio level = 47(27/16)   [NONE]   __||||||_
[0.4] K6FGA-1>APN382,WIDE2-2:!3914.74NS12057.91W#PHG4520/Wn,NCAn/Banner Mt/CDFVIP/A=003940<0x0d>

Digipeater K6FGA-1 audio level = 46(27/16)   [NONE]   __||||||_
[0.4] W6DY-12>TP2XXR,N6RZR-3,WIDE1,K6FGA-1*,WIDE2-1:`2/Dl" >/'"59}!weT!|3

WQ6F audio level = 82(42/18)   [NONE]   ___||||||
[0.5] WQ6F>APX215,WIDE1-1:=3836.32N/12131.10WoPHG2230SUTTERHEALTH MSG CAPABLE<0x0d>
[0H] WQ6F>APX215,GTOWN*:=3836.32N/12131.10WoPHG2230SUTTERHEALTH MSG CAPABLE<0x0d>
FX.25[0.0]: Matched correlation tag 0x02 with 0 bit errors.  Expecting 128 data & 16 check bytes.
FX.25[0.1]: Matched correlation tag 0x02 with 0 bit errors.  Expecting 128 data & 16 check bytes.
FX.25[0.2]: Matched correlation tag 0x02 with 0 bit errors.  Expecting 128 data & 16 check bytes.
FX.25[0.3]: Matched correlation tag 0x02 with 0 bit errors.  Expecting 128 data & 16 check bytes.
FX.25[0.4]: Matched correlation tag 0x02 with 0 bit errors.  Expecting 128 data & 16 check bytes.
FX.25[0.4]: FEC complete, fixed  3 errors in byte positions: 25 64 74
FX.25[0.1]: FEC complete with no errors.
FX.25[0.2]: FEC complete with no errors.
FX.25[0.3]: FEC complete with no errors.
FX.25[0.0]: FEC complete with no errors.

Digipeater GTOWN audio level = 7(18/8)    00003____
[0.2] WQ6F>APX215,GTOWN*:=3836.32N/12131.10WoPHG2230SUTTERHEALTH MSG CAPABLE<0x0d>

Digipeater K6FGA-1 audio level = 46(28/16)   [NONE]   _|||||||_
[0.4] K6IXA-3>APIN20,W6CX-3,K6FGA-1*,WIDE2:@072112z3644.13N/11851.55W_272/003g009t049r000p000P000h68b10223.DsVP<0x0d><0x0a>

Digipeater K6FGA-1 audio level = 46(29/17)   [NONE]   _||||||__
[0.3] KA6DWN-9>S7SRVR,WA6TOW-2,K6FGA-1*,WIDE2:`1S5l 9k/]"5.}<0x0d>

Digipeater K6FGA-1 audio level = 47(28/16)   [NONE]   __|||||:_
[0.4] KW6V-9>SXUWTU,K6FGA-1*,WIDE2-1:`1@Epqkk/`"3y}_%<0x0d>

Digipeater K6FGA-1 audio level = 46(27/16)   [NONE]   _|||||||_
[0.4] K9TSR-9>S7UPQT,BKELEY,WIDE1,K6FGA-1*,WIDE2:`2)+p?Tj/`"5h}146.520MHz listening on 146.500_1<0x0d>

Digipeater K6FGA-1 audio level = 47(24/16)   [NONE]   _|||||||_
[0.4] KA6QLP>S7USTQ,W6CX-3,K6FGA-1*,WIDE2:`1A"l ?R/'"3l}|,,&('g|!w+Y!|3

Digipeater K6FGA-1 audio level = 47(27/16)   [NONE]   _||||||__
[0.3] CARSON>APN391,K6FGA-1*,WIDE2:@072108z3841.68N/11959.35W_269/004g018t048r000p001P000h61b10210.DsVP<0x0d><0x0a>

Digipeater NCA1 audio level = 61(30/18)   [NONE]   __||||___
[0.3] K6YIL-1>APDW15,K6CDF-8,NCA1*:!3820.67NI12251.71W#PHG7790/A=000912In Memory of T6AF/WA2EWE -- ajm@sonic.net

K7FED-1 audio level = 51(28/18)   [NONE]   _||||||:_
[0.4] K7FED-1>APNX01,DIRECT:!3739.12N112132.05W#PHG5750 W1, K7FED FILL-IN LLNL S300<0x20>

Digipeater K6FGA-1 audio level = 47(25/16)   [NONE]   _|||||||_
[0.4] SPDRLK>APOT30,ALDER,K6FGA-1*,WIDE2:!3900.86N/12016.19W#N6YBH Spider Lake DIGI

Digipeater K6FGA-1 audio level = 48(26/18)   [NONE]   _|||||||_
[0.4] KE6CAC>S8RTZZ,K6FGA-1*,WIDE2-2:'17Xl <0x1c>-/]<0x0d>

Digipeater K6FGA-1 audio level = 47(30/17)   [NONE]   __||||||_
[0.4] KE6CAC>S8RTZZ,SPDRLK,GAPCON,K6FGA-1*,WIDE2:'17Xl <0x1c>-/]<0x0d>

Digipeater K6FGA-1 audio level = 47(28/16)   [NONE]   _||||||__
[0.3] W6DY-12>TP2XXR,N6RZR-3,WIDE1,K6FGA-1*,WIDE2-1:`2/Dl" >/'"59}MT-AIO TT3  146.52  14287!weT!|3

Digipeater W6SCR-4 audio level = 75(37/22)   [NONE]   __||||||_
[0.4] W6SCR>APMI06,W6SCR-4*:@072124z3942.75N/12147.10W/Butte SAR Headquarters 14.0volts

[ig>tx] W6SCR>APMI06,TCPIP*,qAC,T2USANW:>www.buttesar.org

K6CDF-8 audio level = 48(31/16)   [NONE]   _||||||__
[0.3] K6CDF-8>APN391:>Walker Ridge Mobile Fillin, Use WIDE1-1 for access<0x0d>

Digipeater K6FGA-1 audio level = 47(33/16)   [NONE]   __||||||_
[0.4] KJ6LNH-1>APRS,K6FGA-1*,WIDE2-1:@072125z3800.62N/12158.15W_117/006g009t068r000p000P000b10132h53

[ig>tx] N6VV-2>APMI06,TCPIP*,qAC,T2SJC:@072125z3757.13NI12205.63W&Contra Costa IGATE

Digipeater K6FGA-1 audio level = 46(26/17)   [NONE]   _|||||||_
[0.4] N6VV-2>APMI06,K6FGA-1*,WIDE2-1:@072125z3757.13NI12205.63W&Contra Costa IGATE

Digipeater K6FGA-1 audio level = 47(24/16)   [NONE]   _:|||||:_
[0.4] KW6V-9>SXUTXW,K6FGA-1*,WIDE2-1:`1@2q!:k/`"4$}_%<0x0d>

K6CDF-8 audio level = 49(31/17)   [NONE]   __||||||_
[0.4] K6CDF-8>BEACON,NCA1-1:T#208,12.4,14.2,069,040,107,00010010<0x0d>

Digipeater K6FGA-1 audio level = 46(23/16)   [NONE]   _||||||__
[0.3] K6CDF-8>BEACON,K6FGA-1*,NCA1:T#208,12.4,14.2,069,040,107,00010010<0x0d>

Digipeater K6FGA-1 audio level = 47(24/17)   [NONE]   _|||||||_
[0.4] K9TSR-9>S7TYUR,BKELEY,WIDE1,K6FGA-1*,WIDE2:`2(RlU>j/`"5t}146.520MHz listening on 146.500_1<0x0d>

Digipeater K6FGA-1 audio level = 46(26/18)   [NONE]   _|||||||_
[0.4] KJ6IX-9>S8USPQ,ALDER,K6FGA-1*,WIDE2:`/H3l#=k/"D3}

RANCHO audio level = 64(30/16)   [NONE]   __:|||||:
[0.5] RANCHO>APN391:!3843.52N112038.40W#PHG2560/NCAn,TEMPn/AG6AU/Rancho del Sol,Camino,CA/A=003400<0x0d>

Digipeater K6FGA-1 audio level = 47(24/16)   [NONE]   _||||||__
[0.3] KS4FUN-12>3X0PRU,W6CX-3,K6FGA-1*,WIDE2:`2^=l!R+/'"46}|'i%h'k|!wtU!|3

Digipeater K6FGA-1 audio level = 47(23/16)   [NONE]   _||||||__
[0.3] K6IXA-3>APIN20,W6CX-3,K6FGA-1*,WIDE2:@072117z3644.13N/11851.55W_229/002g007t049r000p000P000h66b10223.DsVP<0x0d><0x0a>

Digipeater K6CDF-8 audio level = 50(32/16)   [NONE]   __||||||_
[0.4] N6YBH-9>3X4SWY,K6CDF-8*,WIDE2-1:`0M4q\Uj/`"9v}_%<0x0d>

Digipeater K6FGA-1 audio level = 47(24/16)   [NONE]   _|||||||_
[0.4] N6YBH-9>3X4SWY,K6CDF-8,K6FGA-1*,WIDE2:`0M4q\Uj/`"9v}_%<0x0d>

Digipeater K6FGA-1 audio level = 47(24/18)   [NONE]   _|||||||_
[0.4] W6DY-12>TP2XXR,N6RZR-3,WIDE1,K6FGA-1*,WIDE2-1:`2/Dl" >/'"59}!weT!|3

Digipeater W6SCR-4 audio level = 72(36/22)   [NONE]   __||||||:
[0.5] KF7WEJ-2>S9SSPR,W6SCR-4*,WIDE2-1:`1O<0x1d>l Gk/>"4A}=<0x0d>

Digipeater K6FGA-1 audio level = 48(28/16)   [NONE]   __|||||__
[0.4] KF7WEJ-2>S9SSPR,W6SCR-4,K6FGA-1*,WIDE2:`1O<0x1d>l Gk/>"4A}=<0x0d>

Digipeater K6FGA-1 audio level = 46(25/16)   [NONE]   _||||||__
[0.3] KW6V-9>SXUSSY,K6FGA-1*,WIDE2-1:`1>Mq!Dk/`"3v}_%<0x0d>

Digipeater K6FGA-1 audio level = 46(26/16)   [NONE]   _||||||__
[0.3] KW6V-9>SXUSSY,HILAKE,K6FGA-1*,WIDE2:`1>Mq!Dk/`"3v}_%<0x0d>

Digipeater NCA1 audio level = 52(29/17)   [NONE]   __|||||__
[0.4] K6CDF-3>APWW11,K6CDF-8,NCA1*:@212814h3941.17NI12334.92W&APRS-IS for Win32

Digipeater K6FGA-1 audio level = 57(25/18)   [NONE]   ___:||___
[0.4] KE6CAC>S8RTZZ,K6FGA-1*,WIDE2-2:'17Xl <0x1c>-/]<0x0d>

Digipeater K6FGA-1 audio level = 47(30/16)   [NONE]   ___||||__
[0.4] KE6CAC>S8RTZZ,SPDRLK,GAPCON,K6FGA-1*,WIDE2:'17Xl <0x1c>-/]<0x0d>

Digipeater K6FGA-1 audio level = 46(27/17)   [NONE]   __||||||_
[0.4] HILAKE>APOT30,K6FGA-1*,WIDE2:!4001.07N/12122.89W# 13.3V 41F K6FHL Highlakes Fillin W1

Digipeater K6FGA-1 audio level = 47(28/16)   [NONE]   _|||||||_
[0.4] KS4FUN-12>3X0PRV,W6CX-3,K6FGA-1*,WIDE2:`2^=l!@+/'"46}|'j%h'j|!w&O!|3

Digipeater K6FGA-1 audio level = 47(25/17)   [NONE]   _|||||||_
[0.4] KK6RUH-1>SWTWVT,BKELEY,WIDE1,K6FGA-1*,WIDE2:`2*.l?x-/]"4)}kk6ruh@gmail.com=<0x0d>

Digipeater K6CDF-8 audio level = 51(32/17)   [NONE]   _:||||||_
[0.4] N6YBH-9>3X4SVT,K6CDF-8*:`0L4l]-j/`"9v}_%<0x0d>

Digipeater K6FGA-1 audio level = 47(28/16)   [NONE]   _|||||||_
[0.4] KE6STH-13>SWQXRT,WR6ABD,K6FGA-1*,WIDE2:`1Sql <0x1c>K\]"4S}=<0x0d>

Digipeater K6FGA-1 audio level = 48(27/16)   [NONE]   _||||||__
[0.3] W6DY-12>TP2XXR,N6RZR-3,WIDE1,K6FGA-1*,WIDE2-1:`2/Dl" >/'"59}!weT!|3

Digipeater K6FGA-1 audio level = 47(24/17)   [NONE]   _|||||||_
[0.4] PLKPIN>APOT30,ALDER,K6FGA-1*,WIDE2:!3845.70N/12034.70W# 12.7V N6YBH Pollock Pines DIGI

Digipeater K6FGA-1 audio level = 47(31/16)   [NONE]   _||||||__
[0.3] KJ6LNH-1>APRS,K6FGA-1*,WIDE2-1:@072130z3800.62N/12158.15W_253/006g008t068r000p000P000b10131h52

[ig>tx] N6VV-2>APMI06,TCPIP*,qAC,T2SJC:@072130z3757.13NI12205.63W&Contra Costa IGATE

Digipeater K6FGA-1 audio level = 46(26/17)   [NONE]   _|||||||_
[0.4] N6VV-2>APMI06,K6FGA-1*,WIDE2-1:@072130z3757.13NI12205.63W&Contra Costa IGATE

KW6V-9 audio level = 70(32/18)   [NONE]   ____|::__
[0.4] KW6V-9>SXUQWP,WIDE1-1,WIDE2-1:`1=#q!Kk/`"3p}_%<0x0d>
[0H] KW6V-9>SXUQWP,GTOWN*,WIDE2-1:`1=#q!Kk/`"3p}_%<0x0d>
FX.25[0.3]: Matched correlation tag 0x03 with 1 bit errors.  Expecting 64 data & 16 check bytes.
FX.25[0.4]: Matched correlation tag 0x03 with 1 bit errors.  Expecting 64 data & 16 check bytes.
FX.25[0.0]: Matched correlation tag 0x03 with 1 bit errors.  Expecting 64 data & 16 check bytes.
FX.25[0.1]: Matched correlation tag 0x03 with 1 bit errors.  Expecting 64 data & 16 check bytes.
FX.25[0.2]: Matched correlation tag 0x03 with 1 bit errors.  Expecting 64 data & 16 check bytes.
FX.25[0.2]: FEC complete with no errors.
FX.25[0.3]: FEC complete with no errors.
FX.25[0.4]: FEC complete, fixed  1 errors in byte positions: 248
FX.25[0.0]: FEC complete with no errors.
FX.25[0.1]: FEC complete with no errors.

Digipeater GTOWN audio level = 19(19/10)    00001____
[0.2] KW6V-9>SXUQWP,GTOWN*,WIDE2-1:`1=#q!Kk/`"3p}_%<0x0d>

Digipeater K6FGA-1 audio level = 47(28/16)   [NONE]   __||||||_
[0.4] KW6V-9>SXUQWP,W6SCR-4,K6FGA-1*,WIDE2:`1=#q!Kk/`"3p}_%<0x0d>
Digipeater: Drop redundant packet to channel 0.

Digipeater K6FGA-1 audio level = 46(24/16)   [NONE]   _|||||||_
[0.4] KS4FUN-12>3X0PRU,W6CX-3,K6FGA-1*,WIDE2:`2^=l!;+/'"49}|'k%h'j|!wrS!|3

Digipeater K6FGA-1 audio level = 47(26/17)   [NONE]   _|||||||_
[0.4] KK6LSI>SWRRXS,WR6ABD,K6FGA-1*,WIDE2:`1OR"+D[/>"4A}=<0x0d>

K6FGA-1 audio level = 47(25/16)   [NONE]   _|||||||_
[0.4] K6FGA-1>APN382:!3914.74NS12057.91W#PHG4520/Wn,NCAn/Banner Mt/CDFVIP/A=003940<0x0d>

Digipeater K6FGA-1 audio level = 46(28/16)   [NONE]   _|||||||_
[0.4] KW6V-9>SXUPYP,K6FGA-1*,WIDE2-1:`1<[q!lk/`"3r}_%<0x0d>

Digipeater K6FGA-1 audio level = 47(25/16)   [NONE]   _|||||||_
[0.4] W6DY-12>TP2XXR,N6RZR-3,WIDE1,K6FGA-1*,WIDE2-1:`2/Dl" >/'"59}MT-AIO TT3  146.52  14287!weT!|3

Digipeater K6FGA-1 audio level = 47(28/16)   [NONE]   __||||||_
[0.4] K9TSR-9>S7TYSQ,BKELEY,WIDE1,K6FGA-1*,WIDE2:`2(Fm@$j/`"5W}146.520MHz listening on 146.500_1<0x0d>

Digipeater K6FGA-1 audio level = 47(23/18)   [NONE]   _||||||__
[0.3] ALDER>BEACON,K6FGA-1*,WIDE2:T#773,219,045,031,024,117,00010001<0x0d>

Digipeater K6FGA-1 audio level = 46(25/17)   [NONE]   _|||||||_
[0.4] SPDRLK>APOT30,ALDER,K6FGA-1*,WIDE2:!3900.86N/12016.19W#N6YBH Spider Lake DIGI

Digipeater K6FGA-1 audio level = 47(30/16)   [NONE]   _|||||||_
[0.4] KE6CAC>S8RTZZ,K6FGA-1*,WIDE2-2:'17Xl <0x1c>-/]<0x0d>

Digipeater K6FGA-1 audio level = 47(31/18)   [NONE]   _|||||||_
[0.4] KE6CAC>S8RTZZ,SPDRLK,GAPCON,K6FGA-1*,WIDE2:'17Xl <0x1c>-/]<0x0d>

KW6V-9 audio level = 63(32/16)   [NONE]   ___:|||||
[0.5] KW6V-9>SXTXXY,WIDE1-1,WIDE2-1:`1<[p{kk/`"4)}_%<0x0d>
[0H] KW6V-9>SXTXXY,GTOWN*,WIDE2-1:`1<[p{kk/`"4)}_%<0x0d>
FX.25[0.5]: Matched correlation tag 0x03 with 3 bit errors.  Expecting 64 data & 16 check bytes.
FX.25[0.0]: Matched correlation tag 0x03 with 1 bit errors.  Expecting 64 data & 16 check bytes.
FX.25[0.1]: Matched correlation tag 0x03 with 1 bit errors.  Expecting 64 data & 16 check bytes.
FX.25[0.2]: Matched correlation tag 0x03 with 1 bit errors.  Expecting 64 data & 16 check bytes.
FX.25[0.3]: Matched correlation tag 0x03 with 1 bit errors.  Expecting 64 data & 16 check bytes.
FX.25[0.4]: Matched correlation tag 0x03 with 1 bit errors.  Expecting 64 data & 16 check bytes.
FX.25[0.5]: FEC failed.  Too many errors.
FX.25[0.0]: FEC complete with no errors.
FX.25[0.1]: FEC complete with no errors.
FX.25[0.2]: FEC complete with no errors.
FX.25[0.3]: FEC complete with no errors.
FX.25[0.4]: FEC complete, fixed  1 errors in byte positions: 11

Digipeater GTOWN audio level = 19(20/12)    00001____
[0.2] KW6V-9>SXTXXY,GTOWN*,WIDE2-1:`1<[p{kk/`"4)}_%<0x0d>

Digipeater K6FGA-1 audio level = 47(24/16)   [NONE]   _|||||||_
[0.4] N6RZR-3>APN391,K6FGA-1*,WIDE2:!4036.14NS12239.04W#PHG5810/Wn,NCAn/APRS Digi Shasta Bally<0x0d>
[0L] GTOWN>APDW16,WIDE2-1:!G:k^2/w-`#{>G KM6LYW WIDE-1 RF+inet fx.25 craiger.org/digipi
FX.25[0.0]: Matched correlation tag 0x02 with 0 bit errors.  Expecting 128 data & 16 check bytes.
FX.25[0.1]: Matched correlation tag 0x02 with 0 bit errors.  Expecting 128 data & 16 check bytes.
FX.25[0.3]: Matched correlation tag 0x02 with 0 bit errors.  Expecting 128 data & 16 check bytes.
FX.25[0.2]: Matched correlation tag 0x02 with 0 bit errors.  Expecting 128 data & 16 check bytes.
FX.25[0.4]: Matched correlation tag 0x02 with 0 bit errors.  Expecting 128 data & 16 check bytes.
FX.25[0.2]: FEC complete with no errors.
FX.25[0.3]: FEC complete with no errors.
FX.25[0.4]: FEC complete, fixed  4 errors in byte positions: 2 3 10 86
FX.25[0.0]: FEC complete with no errors.
FX.25[0.1]: FEC complete with no errors.

GTOWN audio level = 8(18/9)    00004____
[0.2] GTOWN>APDW16,WIDE2-1:!G:k^2/w-`#{>G KM6LYW WIDE-1 RF+inet fx.25 craiger.org/digipi

Digipeater K6FGA-1 audio level = 47(24/16)   [NONE]   _||||||__
[0.3] GTOWN>APDW16,K6FGA-1*,WIDE2:!G:k^2/w-`#{>G KM6LYW WIDE-1 RF+inet fx.25 craiger.org/digipi

Digipeater K6FGA-1 audio level = 46(32/15)   [NONE]   _|||||||_
[0.4] SPDRWX>APOTW1,SPDRLK,K6FGA-1*,WIDE2:> 13.8V N6YBH SPIDER WX

Digipeater K6FGA-1 audio level = 47(23/16)   [NONE]   _||||||__
[0.3] KS4FUN-12>3X0PRU,W6CX-3,K6FGA-1*,WIDE2:`2^=l!D+/'"4=}|'m%h'j|!wwS!|3

Digipeater K6FGA-1 audio level = 47(24/17)   [NONE]   _|||||||_
[0.4] PLKPIN>APOT30,ALDER,K6FGA-1*,WIDE2:!3845.70N/12034.70W# 12.7V N6YBH Pollock Pines DIGI

Digipeater K6FGA-1 audio level = 47(32/16)   [NONE]   _||||||__
[0.3] KJ6LNH-1>APRS,K6FGA-1*,WIDE2-1:@072135z3800.62N/12158.15W_290/005g006t069r000p000P000b10130h51

Digipeater K6FGA-1 audio level = 46(26/16)   [NONE]   _|||||||_
[0.4] GAPWX>APOTW1,GAPCON,WIDE1,K6FGA-1*,WIDE2:!3900.45N/12018.75W_050/002g004t058P000h41b10167OTW1

[ig>tx] N6VV-2>APMI06,TCPIP*,qAC,T2SJC:@072135z3757.13NI12205.63W&Contra Costa IGATE

Digipeater K6FGA-1 audio level = 47(24/17)   [NONE]   _||||||__
[0.3] K9TSR-9>S7TXUR,BKELEY,WIDE1,K6FGA-1*,WIDE2:`2))m!Jj/`"4l}146.520MHz listening on 146.500_1<0x0d>

Digipeater K6FGA-1 audio level = 48(24/16)   [NONE]   _|||||||_
[0.4] W6DY-12>TP2XXR,N6RZR-3,WIDE1,K6FGA-1*,WIDE2-1:`2/Dl" >/'"59}!weT!|3

Digipeater K6FGA-1 audio level = 47(28/16)   [NONE]   _||||||__
[0.3] JACABN>APOTU0,GAPCON,WIDE1,K6FGA-1*,WIDE2:!3900.87N/12016.24W0 13.8V N6YBH Voltage reporting

Digipeater K6FGA-1 audio level = 47(27/16)   [NONE]   __||||||_
[0.4] KK6DAC-14>SWRWVW,WA6TOW-2,WIDE1,K6FGA-1*,WIDE2:`2a5l#:x/"3u}Battery: 13.4V Temp: 72F

Digipeater W6SCR-4 audio level = 72(36/22)   [NONE]   _:||||||_
[0.4] KM6NSK-9>TP0XRZ,W6SCR-4*:`20:l"|k/`440.050MHz Monitoring_1<0x0d>

Digipeater K6FGA-1 audio level = 47(26/16)   [NONE]   _|||||||_
[0.4] KW6V-9>SXTVXQ,K6FGA-1*,WIDE2-1:`1<Zq+kk/`"3u}_%<0x0d>

RANCHO audio level = 64(30/17)   [NONE]   __|||||||
[0.5] RANCHO>APN391,WIDE2-2:!3843.52N112038.40W#PHG2560/NCAn,TEMPn/AG6AU/Rancho del Sol,Camino,CA/A=003400<0x0d>

Digipeater K6FGA-1 audio level = 47(32/16)   [NONE]   __||||||_
[0.4] BKELEY>APNU19,K6FGA-1*,WIDE2:!3751.90NS12213.23W#PHG7500/W2,NCAn, Berkeley, CA A=001720

Digipeater K6FGA-1 audio level = 46(25/16)   [NONE]   _|||||||_
[0.4] KO6TH>APWW11,K6FGA-1*,WIDE2:@213739h3857.53NT12106.63W&PHG2130 APRSIS32 under Linux/Wine

Digipeater K6FGA-1 audio level = 47(26/16)   [NONE]   _|||||||_
[0.4] W6DY-12>TP2XXR,N6RZR-3,WIDE1,K6FGA-1*,WIDE2-1:`2/4lSI>/'"5=}!wtr!|3

Digipeater K6FGA-1 audio level = 47(28/16)   [NONE]   _||||||__
[0.3] ALDER>BEACON,K6FGA-1*,WIDE2:T#774,219,045,031,024,119,00010001<0x0d>

K7FED-1 audio level = 50(31/18)   [NONE]   _||||||__
[0.3] K7FED-1>APNX01,DIRECT:;145.350MT*111111z3748.15N/12147.21WrT100 R60M<0x20>

K7FED-1 audio level = 50(25/18)   [NONE]   _||||||__
[0.3] K7FED-1>APNX01,DIRECT:;146.655TR*111111z3739.98N/12133.48WrT100 R60M LLNL<0x20>

K7FED-1 audio level = 51(23/18)   [NONE]   _||||||:_
[0.4] K7FED-1>APNX01,DIRECT:!3739.12N112132.05W#PHG5750 W1, K7FED FILL-IN LLNL S300<0x20>

Digipeater K6CDF-8 audio level = 60(32/16)   [NONE]   ___|||:__
[0.4] N6YBH-9>3X4TRU,K6CDF-8*,WIDE2-1:`0G}o4xj/`"<]}_%<0x0d>

Digipeater K6FGA-1 audio level = 47(28/16)   [NONE]   _|||||||_
[0.4] N6YBH-9>3X4TRU,KE6CAC,K6FGA-1*,WIDE2:`0G}o4xj/`"<]}_%<0x0d>

Digipeater K6FGA-1 audio level = 47(24/16)   [NONE]   _||||||__
[0.3] KE6CAC>S8RTZZ,K6FGA-1*,WIDE2-2:'17Xl <0x1c>-/]<0x0d>

Digipeater K6FGA-1 audio level = 47(30/16)   [NONE]   _|||||||_
[0.4] KE6CAC>S8RTZZ,SPDRLK,GAPCON,K6FGA-1*,WIDE2:'17Xl <0x1c>-/]<0x0d>

Digipeater K6FGA-1 audio level = 47(29/16)   [NONE]   _||||||__
[0.3] KW6V-9>SXTTWX,K6FGA-1*,WIDE2-1:`1<Fq5lk/`"3t}_%<0x0d>

Digipeater K6FGA-1 audio level = 47(26/16)   [NONE]   _|||||||_
[0.4] KS4FUN-12>3X0PRU,W6CX-3,K6FGA-1*,WIDE2:`2^=l!B+/'"46}|'o%g'i|!wuO!|3

Digipeater K6FGA-1 audio level = 47(29/16)   [NONE]   _||||||__
[0.3] GAPCON>APOT30,K6FGA-1*,WIDE2-1:!3900.34N/12019.25W# 12.7V Tread Lightly KI6PPU

Digipeater K6FGA-1 audio level = 47(29/16)   [NONE]   _|||||||_
[0.4] W6DY-12>TP2XXR,N6RZR-3,WIDE1,K6FGA-1*,WIDE2-1:`2/4l W>/'"5>}MT-AIO TT3  146.52  14287!wm)!|3

K6CDF-8 audio level = 45(33/15)   [NONE]   __:||||__
[0.4] K6CDF-8>APN391,NCA1-1:!3906.00N112229.30W#PHG27304/W1 Walker Fillin/A=003560<0x0d>

Digipeater K6FGA-1 audio level = 47(24/16)   [NONE]   _|||||||_
[0.4] K6CDF-8>APN391,K6FGA-1*,NCA1:!3906.00N112229.30W#PHG27304/W1 Walker Fillin/A=003560<0x0d>

N6YBH-9 audio level = 60(35/16)   [NONE]   ____|||||
[0.6] N6YBH-9>3X4TRP:`0Fho vj/`"=X}_%<0x0d>

Digipeater K6FGA-1 audio level = 46(24/17)   [NONE]   __||||||_
[0.4] PLKPIN>APOT30,ALDER,K6FGA-1*,WIDE2:!3845.70N/12034.70W# 12.7V N6YBH Pollock Pines DIGI

Digipeater K6FGA-1 audio level = 47(30/16)   [NONE]   __||||||_
[0.4] KJ6LNH-1>APRS,K6FGA-1*,WIDE2-1:@072140z3800.62N/12158.15W_273/005g008t069r000p000P000b10129h50

Digipeater K6FGA-1 audio level = 47(25/17)   [NONE]   __||||||_
[0.4] KN6NGE>S9TUQS,K6FGA-1*,WIDE2-1:`2&Tl#--/`"4W}146.115MHz C123 +060_%<0x0d>

Digipeater K6FGA-1 audio level = 46(23/16)   [NONE]   _|||||||_
[0.4] GAPWX>APOTW1,GAPCON,WIDE1,K6FGA-1*,WIDE2:!3900.45N/12018.75W_039/001g003t057P000h41b10166OTW1

Digipeater W6CX-3 audio level = 23(23/15)   [NONE]   __||||___
[0.3] NJ6E-6>APRS,W6CX-3*,WIDE2*:$ULTW00E7008002B10000277FFFED85C60001----016A00640000005B<0x0d><0x0a>

Digipeater W6CX-3 audio level = 24(19/13)   [NONE]   __|||||__
[0.4] NJ6E-6>APRS,W6CX-3*,WIDE2*:!3817.02N/12226.73W_Sonoma WX<0x0d>

[ig>tx] N6VV-2>APMI06,TCPIP*,qAC,T2SJC:@072140z3757.13NI12205.63W&Contra Costa IGATE

Digipeater W6CX-3 audio level = 28(28/15)   [NONE]   ___||||__
[0.4] N6VV-2>APMI06,W6CX-3*:@072140z3757.13NI12205.63W&Contra Costa IGATE

Digipeater W6CX-3 audio level = 24(25/14)   [NONE]   __|||||__
[0.4] K6PKL-2>APOTW1,W6CX-3*:!3748.51N/12112.44W_254/002g009t074V136P001h39b10186OTW1

Digipeater W6CX-3 audio level = 29(27/15)   [NONE]   __|||||__
[0.4] KS4FUN-12>3X0PRU,W6CX-3*,WIDE2-1:`2^=l!F+/'"4>}MT-RTG|'p%f'h|!woN!|3

Digipeater K6FGA-1 audio level = 46(23/16)   [NONE]   _|||||||_
[0.4] KS4FUN-12>3X0PRU,W6CX-3,K6FGA-1*,WIDE2:`2^=l!F+/'"4>}MT-RTG|'p%f'h|!woN!|3

Digipeater K6FGA-1 audio level = 47(26/16)   [NONE]   __||||||_
[0.4] KO6TH-15>APWW11,K6FGA-1*,WIDE2:/071440z3857.54N/12106.64W_000/002g000t075r000p000P000h34b00000

KW6V-9 audio level = 86(35/19)   [SINGLE]   ______::_
[0.6] KW6V-9>SXTRWX,WIDE1-1,WIDE2-1:`1<Fq+kk/`"3q}_%<0x0d>

Digipeater K6FGA-1 audio level = 47(29/16)   [NONE]   __||||||_
[0.4] KW6V-9>SXTRWX,K6FGA-1*,WIDE2-1:`1<Fq+kk/`"3q}_%<0x0d>

W6CX-3 audio level = 24(26/15)   [NONE]   __|||||__
[0.4] W6CX-3>APN382,WIDE2-2:!3753.56N112153.96W#PHG5430/W1,NCAn/N.Peak,Mt Diablo/A=003624<0x0d>

Digipeater K6FGA-1 audio level = 47(24/16)   [NONE]   _||||||__
[0.3] W6CX-3>APN382,K6FGA-1*,WIDE2-1:!3753.56N112153.96W#PHG5430/W1,NCAn/N.Peak,Mt Diablo/A=003624<0x0d>

W6SCR-4 audio level = 72(37/22)   [NONE]   __||||||_
[0.4] W6SCR-4>APOT30,WIDE1:!3931.42N/12118.02W# 13.8V 71F Sunset Hill Fill-in W1/NCa1

K6FGA-1 audio level = 47(28/16)   [NONE]   _|||||||_
[0.4] K6FGA-1>APN382:!3914.74NS12057.91W#PHG4520/Wn,NCAn/Banner Mt/CDFVIP/A=003940<0x0d>

Digipeater K6FGA-1 audio level = 47(31/17)   [NONE]   _|||||||_
[0.4] W6PD>APN383,K6FGA-1*,WIDE2-1:147.285, pl 151.4, Grass Valley, Ca.<0x0d>

W6CX-3 audio level = 25(31/13)   [NONE]   __:||||__
[0.4] W6CX-3>APN382:!3753.56N112153.96W#PHG5430/W1,NCAn/N.Peak,Mt Diablo/A=003624<0x0d>

Digipeater W6CX-3 audio level = 28(29/15)   [NONE]   __:||||__
[0.4] WA6SEK-9>SWTTST,W6CX-3*:`1J)l"sj/`"5c}151.625MHz & 151.940 & 146.520_%<0x0d>

Digipeater W6SCR-4 audio level = 72(37/22)   [NONE]   _:||||||_
[0.4] W6PD>BEACON,W6SCR-4*:!3907.70N/12103.64W-Phil in Alta Sierra, w6pd@arrl.net <0x0d>

[ig>tx] KO6TH>APWW11,TCPIP*,qAC,T2ALBERTA:;145.430/R*111111z3853.79N/12104.61Wr145.430MHz T162 -060 NetTh1730 W6EK SFARC Repeater

Digipeater K6FGA-1 audio level = 47(24/18)   [NONE]   __||||||_
[0.4] ALDER>BEACON,K6FGA-1*,WIDE2:T#775,219,045,031,024,119,00010001<0x0d>

Digipeater W6CX-3 audio level = 31(26/17)   [NONE]   __:||||__
[0.4] KS4FUN-12>3X0PRU,W6CX-3*,WIDE2-1:`2^=l!G+/'"4;}|'q%g'f|!wjO!|3

Digipeater K6FGA-1 audio level = 48(24/16)   [NONE]   __||||||_
[0.4] KS4FUN-12>3X0PRU,W6CX-3,K6FGA-1*,WIDE2:`2^=l!G+/'"4;}|'q%g'f|!wjO!|3

Digipeater W6CX-3 audio level = 23(23/12)   [NONE]   __||||:__
[0.4] K6YIL-1>APDW15,W6CX-3*,NCA1:!3820.67NI12251.71W#PHG7790/A=000912In Memory of T6AF/WA2EWE -- ajm@sonic.net

Digipeater K6FGA-1 audio level = 46(29/18)   [NONE]   _|||||||_
[0.4] KE6STH-13>SWQXRT,WR6ABD,K6FGA-1*,WIDE2:`1Sql <0x1c>K\]"4V}=<0x0d>

Digipeater K6FGA-1 audio level = 47(27/16)   [NONE]   _|||||||_
[0.4] SPDRLK>APOT30,GAPCON,WIDE1,K6FGA-1*,WIDE2:!3900.86N/12016.19W#N6YBH Spider Lake DIGI

[ig>tx] KO6TH>APWW11,TCPIP*,qAC,T2ALBERTA:;W6EK-SW  *072143z3849.28N/12111.61WESFARC Swap *3/19/22* questions: 145.43 pl 162.2

Digipeater W6CX-3 audio level = 25(26/15)   [NONE]   __|||||__
[0.4] K6MRP-10>APX210,W6CX-3*:=3758.12N/12146.45W&PHG2200iGate RasPi with TYT UV88 on JPole<0x0d>

Digipeater W6SCR-4 audio level = 71(36/22)   [NONE]   __||||||_
[0.4] KF7WEJ-2>S9SSPR,W6SCR-4*,WIDE2-1:`1O<0x1d>l"ck/>"43}=<0x0d>

Digipeater K6FGA-1 audio level = 47(27/16)   [NONE]   _||||||__
[0.3] KF7WEJ-2>S9SSPR,W6SCR-4,K6FGA-1*,WIDE2:`1O<0x1d>l"ck/>"43}=<0x0d>

N6YBH-9 audio level = 64(34/17)   [NONE]   ___||||||
[0.5] N6YBH-9>3X4TVR:`0Bpqfcj/`"?C}_%<0x0d>

Digipeater W6CX-3 audio level = 36(26/13)   [NONE]   __:|||:__
[0.4] KW6V-9>SXSYXU,W6CX-3*,WIDE2-1:`1<>p{Kk/`"3w}_%<0x0d>

Digipeater K6FGA-1 audio level = 47(34/18)   [NONE]   __||||||_
[0.4] KW6V-9>SXSYXU,K6FGA-1*,WIDE2-1:`1<>p{Kk/`"3w}_%<0x0d>

Digipeater K6FGA-1 audio level = 46(29/16)   [NONE]   _|||||||_
[0.4] KW6V-9>SXSYXU,W6CX-3,K6FGA-1*,WIDE2:`1<>p{Kk/`"3w}_%<0x0d>

Digipeater W6CX-3 audio level = 26(26/14)   [NONE]   __||||:__
[0.4] K6PKL-2>APOTW1,W6CX-3*:!3748.51N/12112.44W_258/000g006t074V136P001h39b10186OTW1

K6CDF-8 audio level = 47(40/17)   [NONE]   __||||||_
[0.4] K6CDF-8>APN391,NCA1-1:>5 Watt HT Solar Fill-In<0x0d>

Digipeater K6FGA-1 audio level = 46(30/16)   [NONE]   _|||||||_
[0.4] K6CDF-8>APN391,K6FGA-1*,NCA1:>5 Watt HT Solar Fill-In<0x0d>

Digipeater W6CX-3 audio level = 31(27/15)   [NONE]   __|||||__
[0.4] KS4FUN-12>3X0PRU,W6CX-3*,WIDE2-1:`2^=l!G+/'"4:}|'r%g'f|!wrY!|3

Digipeater K6FGA-1 audio level = 47(30/16)   [NONE]   _|||||||_
[0.4] KS4FUN-12>3X0PRU,W6CX-3,K6FGA-1*,WIDE2:`2^=l!G+/'"4:}|'r%g'f|!wrY!|3

Digipeater K6FGA-1 audio level = 47(24/16)   [NONE]   __||||||_
[0.4] PLKPIN>APOT30,K6CDF-8,K6FGA-1*,WIDE2:!3845.70N/12034.70W# 12.6V N6YBH Pollock Pines DIGI

Digipeater K6FGA-1 audio level = 47(28/16)   [NONE]   __||||||_
[0.4] KJ6LNH-1>APRS,K6FGA-1*,WIDE2-1:@072145z3800.62N/12158.15W_213/007g009t068r000p000P000b10129h49

[ig>tx] N6VV-2>APMI06,TCPIP*,qAC,T2SJC:@072145z3757.13NI12205.63W&Contra Costa IGATE

Digipeater RANCHO audio level = 66(31/17)   [NONE]   __||||||:
[0.5] KM6PBJ-9>SXTQVP,RANCHO*,WIDE2-1:`0Arl"rk/`"=N}_%<0x0d>

Digipeater W6CX-3 audio level = 28(28/15)   [NONE]   __|||||__
[0.4] N6VV-2>APMI06,W6CX-3*:@072145z3757.13NI12205.63W&Contra Costa IGATE

Digipeater W6CX-3 audio level = 22(24/12)   [NONE]   __||||:__
[0.4] K6IXA-3>APIN20,W6CX-3*,WIDE2-1:@072136z3644.13N/11851.55W_242/002g007t050r000p000P000h65b10221.DsVP<0x0d><0x0a>

Digipeater K6FGA-1 audio level = 47(23/16)   [NONE]   _||||||__
[0.3] K6IXA-3>APIN20,W6CX-3,K6FGA-1*,WIDE2:@072136z3644.13N/11851.55W_242/002g007t050r000p000P000h65b10221.DsVP<0x0d><0x0a>

Digipeater W6CX-3 audio level = 28(27/15)   [NONE]   __||||:__
[0.4] KK6DAC-14>SWRWVW,W6CX-3*,WIDE2-1:`2a5l#:x/"3w}Battery: 13.4V Temp: 71F

Digipeater K6FGA-1 audio level = 47(24/16)   [NONE]   _|||||||_
[0.4] KK6DAC-14>SWRWVW,W6CX-3,K6FGA-1*,WIDE2:`2a5l#:x/"3w}Battery: 13.4V Temp: 71F

Digipeater W6CX-3 audio level = 23(24/13)   [NONE]   __|||||__
[0.4] WB6JHI-1>APDW15,W6CX-3*:!3714.52N/12158.52W#PHG5130/A=000394Fill-In Digi+iGate, Monte Sereno

RANCHO audio level = 65(30/16)   [NONE]   ___|||||_
[0.5] RANCHO>APN391:!3843.52N112038.40W#PHG2560/NCAn,TEMPn/AG6AU/Rancho del Sol,Camino,CA/A=003400<0x0d>

Digipeater W6CX-3 audio level = 40(33/17)   [NONE]   __||||:__
[0.4] KA6DWN-9>S7STPY,W6CX-3*:`1QelpTk/]"5H}<0x0d>

Digipeater K6FGA-1 audio level = 46(25/16)   [NONE]   _|||||||_
[0.4] KW6V-9>SXSYPX,K6FGA-1*,WIDE2-1:`1;qmSSk/`"3o}_%<0x0d>

Digipeater W6CX-3 audio level = 36(26/16)   [NONE]   __|||||__
[0.4] KM6GYO-9>S7UYQX,W6CX-3*,WIDE2-1:`1.Zl <0x1c>-/]"3x}=<0x0d>

Digipeater K6FGA-1 audio level = 47(24/16)   [NONE]   __||||||_
[0.4] KM6GYO-9>S7UYQX,W6CX-3,K6FGA-1*,WIDE2:`1.Zl <0x1c>-/]"3x}=<0x0d>

Digipeater W6CX-3 audio level = 29(30/14)   [NONE]   __|||||__
[0.4] KK6DAC-14>APTT4,W6CX-3*,WIDE2-1:T#468,134,072,127,106,089,00001011

Digipeater K6FGA-1 audio level = 47(33/16)   [NONE]   __|||||__
[0.4] KK6DAC-14>APTT4,W6CX-3,K6FGA-1*,WIDE2:T#468,134,072,127,106,089,00001011

Digipeater K6FGA-1 audio level = 47(25/16)   [NONE]   _|||||||_
[0.4] W6DY-12>TP2XXR,N6RZR-3,WIDE1,K6FGA-1*,WIDE2-1:`2/4l W>/'"5>}MT-AIO TT3  146.52  14287!wm)!|3

Digipeater K6FGA-1 audio level = 46(31/16)   [NONE]   _||||||__
[0.3] ALDER>BEACON,K6FGA-1*,WIDE2:;EDCARC*111111z3844.69N/12040.05Wr147825p825 in Camino<0x0d>

Digipeater K6FGA-1 audio level = 47(26/16)   [NONE]   _|||||||_
[0.4] ALDER>BEACON,K6FGA-1*,WIDE2:T#776,219,045,031,024,119,00010001<0x0d>

Digipeater K6FGA-1 audio level = 48(24/16)   [NONE]   _|||||||_
[0.4] KE6CAC>S8RTZZ,K6FGA-1*,WIDE2-2:'17Xl <0x1c>-/]<0x0d>

Digipeater K6FGA-1 audio level = 47(26/16)   [NONE]   _|||||||_
[0.4] KE6CAC>S8RTZZ,SPDRLK,GAPCON,K6FGA-1*,WIDE2:'17Xl <0x1c>-/]<0x0d>

Digipeater W6CX-3 audio level = 28(28/16)   [NONE]   __||||:__
[0.4] KS4FUN-12>3X0PRU,W6CX-3*,WIDE2-1:`2^=l!R+/'"4<}MT-RTG|'t%g'e|!wmO!|3

Digipeater K6FGA-1 audio level = 48(24/16)   [NONE]   _|||||||_
[0.4] KS4FUN-12>3X0PRU,W6CX-3,K6FGA-1*,WIDE2:`2^=l!R+/'"4<}MT-RTG|'t%g'e|!wmO!|3

[ig>tx] KO6TH>APWW11,TCPIP*,qAC,T2ALBERTA:<IGATE,MSG_CNT=148,LOC_CNT=44,DIR_CNT=6,RF_CNT=46,DX=6*W6SCR-5(91mi@291°)

Digipeater W6CX-3 audio level = 38(30/15)   [NONE]   __|||||__
[0.4] KF5IIR-9>SWSYWV,W6CX-3*,WIDE2-1:`1RF U:K\>=<0x0d>

Digipeater K6FGA-1 audio level = 47(25/16)   [NONE]   __|||||__
[0.4] KF5IIR-9>SWSYWV,W6CX-3,K6FGA-1*,WIDE2:`1RF U:K\>=<0x0d>

Digipeater K6FGA-1 audio level = 47(24/16)   [NONE]   __||||||_
[0.4] W6DY-12>TP2XXR,N6RZR-3,WIDE1,K6FGA-1*,WIDE2-1:`2/4l W>/'"5>}!wm)!|3

Digipeater K6FGA-1 audio level = 47(24/16)   [NONE]   _|||||||_
[0.4] KW6V-9>SXSWTR,K6FGA-1*,WIDE2-1:`1;<0x1e>nJ<0x1f>k/`"3r}_%<0x0d>

Digipeater K6FGA-1 audio level = 47(34/16)   [NONE]   _||||||__
[0.3] KW6V-9>SXSWTR,KE6CAC,K6FGA-1*,WIDE2:`1;<0x1e>nJ<0x1f>k/`"3r}_%<0x0d>

Digipeater W6CX-3 audio level = 26(27/14)   [NONE]   ___|||___
[0.4] KJ6LNH-1>APRS,W6CX-3*:@072150z3800.62N/12158.15W_303/005g008t068r000p000P000b10129h50

Digipeater K6FGA-1 audio level = 47(24/16)   [NONE]   __||||||_
[0.4] KJ6LNH-1>APRS,K6FGA-1*,WIDE2-1:@072150z3800.62N/12158.15W_303/005g008t068r000p000P000b10129h50

Digipeater K6FGA-1 audio level = 47(25/17)   [NONE]   __||||||_
[0.4] KW6V-9>SXSWUR,K6FGA-1*,WIDE2-1:`1:|opRk/`"3o}_%<0x0d>

[ig>tx] N6VV-2>APMI06,TCPIP*,qAC,T2SJC:@072150z3757.13NI12205.63W&Contra Costa IGATE

Digipeater K6FGA-1 audio level = 47(27/16)   [NONE]   _|||||||_
[0.4] N6VV-2>APMI06,K6FGA-1*,WIDE2-1:@072150z3757.13NI12205.63W&Contra Costa IGATE

Digipeater K6FGA-1 audio level = 46(27/16)   [NONE]   __||||||_
[0.4] TOULON>TPPTPX,MILLS,WIDE1,K6FGA-1*,WIDE2:'.G]l <0x1c>#/"Ji}

N6YBH-9 audio level = 86(36/19)   [SINGLE]   _____:___
[0.5] N6YBH-9>3X4UWV:`0>Sl#Qj/`"A-}_%<0x0d>

Digipeater W6CX-3 audio level = 31(26/14)   [NONE]   ___|||:__
[0.4] KS4FUN-12>3X0PRU,W6CX-3*,WIDE2-1:`2^=l!D+/'"49}|'u%g'e|!whJ!|3

Digipeater K6FGA-1 audio level = 46(24/16)   [NONE]   _|||||||_
[0.4] KS4FUN-12>3X0PRU,W6CX-3,K6FGA-1*,WIDE2:`2^=l!D+/'"49}|'u%g'e|!whJ!|3

K6CDF-8 audio level = 45(30/16)   [NONE]   __:::||__
[0.5] K6CDF-8>BEACON,NCA1-1:Local APRS info http://info.aprs.net/index.php/NorCal_APRS_Regional_Info<0x0d>

Digipeater K6FGA-1 audio level = 47(24/16)   [NONE]   __||||||_
[0.4] K6CDF-8>BEACON,K6FGA-1*,NCA1:Local APRS info http://info.aprs.net/index.php/NorCal_APRS_Regional_Info<0x0d>

Digipeater W6SCR-4 audio level = 71(35/22)   [NONE]   _|||||||:
[0.4] W6SCR-3>APOT30,W6SCR-4*:!3956.16N/12138.86W# 13.7V 67F<0x20>

Digipeater W6CX-3 audio level = 23(27/13)   [NONE]   __|||||__
[0.4] K6IXA-3>APIN20,W6CX-3*,WIDE2-1:@072141z3644.13N/11851.55W_242/001g007t049r000p000P000h65b10222.DsVP<0x0d><0x0a>

Digipeater K6FGA-1 audio level = 47(23/16)   [NONE]   _||||||__
[0.3] K6IXA-3>APIN20,W6CX-3,K6FGA-1*,WIDE2:@072141z3644.13N/11851.55W_242/001g007t049r000p000P000h65b10222.DsVP<0x0d><0x0a>

Digipeater K6FGA-1 audio level = 47(24/18)   [NONE]   __||||||_
[0.4] KJ6IX-9>S8USPQ,ALDER,K6FGA-1*,WIDE2:`/H3l#=k/"D3}

Digipeater K6FGA-1 audio level = 47(25/16)   [NONE]   _|||||||_
[0.4] K9TSR-9>S7TXSY,WA6TOW-2,WIDE1,K6FGA-1*,WIDE2:`2)%m5zj/`"4m}146.520MHz listening on 146.500_1<0x0d>

K6FGA-1 audio level = 47(25/16)   [NONE]   _|||||||_
[0.4] K6FGA-1>APN382,WIDE2-1:!3914.74NS12057.91W#PHG4520/Wn,NCAn/Banner Mt/CDFVIP/A=003940<0x0d>

W6CX-3 audio level = 25(29/15)   [NONE]   __|||||__
[0.4] W6CX-3>APN382:!3753.56N112153.96W#PHG5430/W1,NCAn/N.Peak,Mt Diablo/A=003624<0x0d>

Digipeater K6FGA-1 audio level = 47(27/16)   [NONE]   _||||||__
[0.3] W6DY-12>TP2XXR,N6RZR-3,WIDE1,K6FGA-1*,WIDE2-1:`2/4l W>/'"5>}!wm)!|3

WQ6F audio level = 82(43/19)   [NONE]   ___||||||
[0.5] WQ6F>APX215,WIDE1-1:=3836.32N/12131.10WoPHG2230SUTTERHEALTH MSG CAPABLE<0x0d>
[0H] WQ6F>APX215,GTOWN*:=3836.32N/12131.10WoPHG2230SUTTERHEALTH MSG CAPABLE<0x0d>
FX.25[0.3]: Matched correlation tag 0x02 with 1 bit errors.  Expecting 128 data & 16 check bytes.
FX.25[0.0]: Matched correlation tag 0x02 with 1 bit errors.  Expecting 128 data & 16 check bytes.
FX.25[0.1]: Matched correlation tag 0x02 with 1 bit errors.  Expecting 128 data & 16 check bytes.
FX.25[0.2]: Matched correlation tag 0x02 with 1 bit errors.  Expecting 128 data & 16 check bytes.
FX.25[0.4]: Matched correlation tag 0x02 with 1 bit errors.  Expecting 128 data & 16 check bytes.

[ig>tx] KO6TH>APWW11,TCPIP*,qAC,T2ALBERTA:;145.430/R*111111z3853.79N/12104.61Wr145.430MHz T162 -060 NetTh1730 W6EK SFARC Repeater
FX.25[0.0]: FEC complete with no errors.
FX.25[0.1]: FEC complete with no errors.
FX.25[0.2]: FEC complete with no errors.
FX.25[0.4]: FEC complete, fixed  2 errors in byte positions: 8 30
FX.25[0.3]: FEC complete with no errors.

Digipeater GTOWN audio level = 8(18/8)    00002____
[0.2] WQ6F>APX215,GTOWN*:=3836.32N/12131.10WoPHG2230SUTTERHEALTH MSG CAPABLE<0x0d>

Digipeater W6SCR-4 audio level = 72(36/22)   [NONE]   _|||||||_
[0.4] WQ6F>APX215,W6SCR-4*:=3836.32N/12131.10WoPHG2230SUTTERHEALTH MSG CAPABLE<0x0d>

Digipeater K6FGA-1 audio level = 47(27/16)   [NONE]   _||||||__
[0.3] CARSON>APN391,K6FGA-1*,WIDE2:!3841.68N111959.36W#PHG7636/NCAn,TEMPn/WG6D/Carson Pass, CA/A=008573<0x0d>

Digipeater K6FGA-1 audio level = 47(26/18)   [NONE]   _|||||||_
[0.4] KN6OGR-9>S8TPVT,K6FGA-1*,WIDE2-1:`1J<0x1e>lpUj/`"4"}146.520MHz Jose - KN6OGR_%<0x0d>

Digipeater W6CX-3 audio level = 24(25/14)   [NONE]   __|||||__
[0.4] K6PKL-2>APOTW1,W6CX-3*:!3748.51N/12112.44W_225/000g007t074V136P001h40b10185OTW1

Digipeater K6FGA-1 audio level = 48(24/18)   [NONE]   _|||||||_
[0.4] ALDER>BEACON,K6FGA-1*,WIDE2:T#777,219,045,031,024,119,00010001<0x0d>

Digipeater W6CX-3 audio level = 39(32/16)   [NONE]   __|||||__
[0.4] KF5IIR-9>SWTQTV,W6CX-3*,WIDE2-1:`1S'o_FK\>=<0x0d>

Digipeater K6FGA-1 audio level = 47(27/17)   [NONE]   _|||||||_
[0.4] KF5IIR-9>SWTQTV,W6CX-3,K6FGA-1*,WIDE2:`1S'o_FK\>=<0x0d>

Digipeater W6CX-3 audio level = 31(27/15)   [NONE]   __|||||:_
[0.4] KS4FUN-12>3X0PRU,W6CX-3*,WIDE2-1:`2^=l!I+/'"49}|'v%g'f|!wsO!|3

Digipeater K6FGA-1 audio level = 47(24/16)   [NONE]   _|||||||_
[0.4] KS4FUN-12>3X0PRU,W6CX-3,K6FGA-1*,WIDE2:`2^=l!I+/'"49}|'v%g'f|!wsO!|3

K7FED-1 audio level = 48(31/18)   [NONE]   _||||||__
[0.3] K7FED-1>APNX01,DIRECT:!3739.12N112132.05W#PHG5750 W1, K7FED FILL-IN LLNL S300<0x20>

Digipeater K6FGA-1 audio level = 47(28/17)   [NONE]   _|||||||_
[0.4] KW6V-9>SXSXTY,K6FGA-1*,WIDE2-1:`18 qHtk/`"4!}_%<0x0d>

Digipeater K6FGA-1 audio level = 47(24/17)   [NONE]   _|||||||_
[0.4] WA6EWV-3>APN381,GAPCON,K6FGA-1*,WIDE2:!3855.68N/11955.97W#/PHG1130/Roost APRS DIGI<0x0d>

Digipeater K6FGA-1 audio level = 46(27/17)   [NONE]   _|||||||_
[0.4] SPDRLK>APOT30,ALDER,K6FGA-1*,WIDE2:!3900.86N/12016.19W#N6YBH Spider Lake DIGI

Digipeater W6CX-3 audio level = 38(34/15)   [NONE]   __|||||__
[0.4] KF5IIR-9>SWTQYY,W6CX-3*,WIDE2-1:`1S8 >.K\>=<0x0d>

Digipeater K6FGA-1 audio level = 47(24/17)   [NONE]   _|||||||_
[0.4] KF5IIR-9>SWTQYY,W6CX-3,K6FGA-1*,WIDE2:`1S8 >.K\>=<0x0d>

Digipeater K6FGA-1 audio level = 46(27/17)   [NONE]   _|||||||_
[0.4] W6DY-12>TP2XXR,N6RZR-3,WIDE1,K6FGA-1*,WIDE2-1:`2/4l W>/'"5>}!wm)!|3

Digipeater K6FGA-1 audio level = 47(26/16)   [NONE]   _|||||||_
[0.4] KE6CAC>S8RTZZ,K6FGA-1*,WIDE2-2:'17Xl <0x1c>-/]<0x0d>

Digipeater W6CX-3 audio level = 39(32/16)   [NONE]   __:||||__
[0.4] KE6CAC>S8RTZZ,W6CX-3*,WIDE2-2:'17Xl <0x1c>-/]<0x0d>

Digipeater W6CX-3 audio level = 23(27/14)   [NONE]   __:|||:__
[0.4] KE6CAC>S8RTZZ,K6FGA-1,W6CX-3*:'17Xl <0x1c>-/]<0x0d>

Digipeater K6FGA-1 audio level = 47(23/16)   [NONE]   _|||||||_
[0.4] KE6CAC>S8RTZZ,W6CX-3,K6FGA-1*,WIDE2-1:'17Xl <0x1c>-/]<0x0d>

Digipeater W6CX-3 audio level = 39(33/16)   [NONE]   __|||||__
[0.4] KE6CAC>S8RTZZ,N6FRG-2,W6CX-3*:'17Xl <0x1c>-/]<0x0d>

[ig>tx] KO6TH>APWW11,TCPIP*,qAC,T2ALBERTA:;W6EK-SW  *072154z3849.28N/12111.61WESFARC Swap *3/19/22* questions: 145.43 pl 162.2

Digipeater W6CX-3 audio level = 38(30/17)   [NONE]   __||||:__
[0.4] KF5IIR-9>SWTRPX,W6CX-3*,WIDE2-1:`1Rt HyK\>=<0x0d>

Digipeater K6FGA-1 audio level = 47(27/16)   [NONE]   __||||||_
[0.4] KF5IIR-9>SWTRPX,W6CX-3,K6FGA-1*,WIDE2:`1Rt HyK\>=<0x0d>

[ig>tx] W6SCR>APMI06,TCPIP*,qAC,T2USANW:>www.buttesar.org

Digipeater K6FGA-1 audio level = 46(30/16)   [NONE]   _|||||||_
[0.4] K9TSR-9>S7TXQR,BKELEY,WIDE1,K6FGA-1*,WIDE2:`2)6l]<0x7f>j/`"4q}146.520MHz listening on 146.500_1<0x0d>
[0L] GTOWN>APDW16,WIDE2-1:!G:k^2/w-`#{>G KM6LYW WIDE-1 RF+inet fx.25 craiger.org/digipi
FX.25[0.0]: Matched correlation tag 0x02 with 0 bit errors.  Expecting 128 data & 16 check bytes.
FX.25[0.1]: Matched correlation tag 0x02 with 0 bit errors.  Expecting 128 data & 16 check bytes.
FX.25[0.2]: Matched correlation tag 0x02 with 0 bit errors.  Expecting 128 data & 16 check bytes.
FX.25[0.3]: Matched correlation tag 0x02 with 0 bit errors.  Expecting 128 data & 16 check bytes.
FX.25[0.4]: Matched correlation tag 0x02 with 0 bit errors.  Expecting 128 data & 16 check bytes.
FX.25[0.3]: FEC complete with no errors.
FX.25[0.4]: FEC complete with no errors.
FX.25[0.0]: FEC complete with no errors.
FX.25[0.1]: FEC complete with no errors.
FX.25[0.2]: FEC complete with no errors.

GTOWN audio level = 8(18/8)    00000____
[0.2] GTOWN>APDW16,WIDE2-1:!G:k^2/w-`#{>G KM6LYW WIDE-1 RF+inet fx.25 craiger.org/digipi

Digipeater K6FGA-1 audio level = 46(23/16)   [NONE]   __||||||_
[0.4] GTOWN>APDW16,K6FGA-1*,WIDE2:!G:k^2/w-`#{>G KM6LYW WIDE-1 RF+inet fx.25 craiger.org/digipi

[ig>tx] K6CDF-3>APWW11,TCPIP*,qAC,T2FEJER:>CM89fqI&DX: WR6ABD 201.3mi 151° 20:55 3706.65N 12150.68W<0x20>

Digipeater K6FGA-1 audio level = 47(30/16)   [NONE]   __|||||__
[0.4] KJ6LNH-1>APRS,K6FGA-1*,WIDE2-1:@072155z3800.62N/12158.15W_241/005g008t068r000p000P000b10129h50

Digipeater W6CX-3 audio level = 38(28/15)   [NONE]   __|||||__
[0.4] KF5IIR-9>SWTRPR,W6CX-3*,WIDE2-1:`1R@m>>K\>=<0x0d>

Digipeater K6FGA-1 audio level = 46(23/16)   [NONE]   _||||||__
[0.3] KF5IIR-9>SWTRPR,W6CX-3,K6FGA-1*,WIDE2:`1R@m>>K\>=<0x0d>

[ig>tx] N6VV-2>APMI06,TCPIP*,qAC,T2SJC:@072155z3757.13NI12205.63W&Contra Costa IGATE

Digipeater K6FGA-1 audio level = 46(27/18)   [NONE]   _|||||||_
[0.4] N6VV-2>APMI06,K6FGA-1*,WIDE2-1:@072155z3757.13NI12205.63W&Contra Costa IGATE

Digipeater K6FGA-1 audio level = 47(26/17)   [NONE]   _||||||__
[0.3] K9TSR-9>S7TXQT,BKELEY,WIDE1,K6FGA-1*,WIDE2:`2)Ql_Mj/`"4\}146.520MHz listening on 146.500_1<0x0d>

Digipeater W6CX-3 audio level = 40(31/16)   [NONE]   __|||||__
[0.4] KA6DWN-9>S7SYPQ,W6CX-3*:`1Pnm\%k/]"5+}<0x0d>

Digipeater K6FGA-1 audio level = 47(30/16)   [NONE]   _|||||||_
[0.4] K9TSR-9>S7TXRR,BKELEY,WIDE1,K6FGA-1*,WIDE2:`2)SmTnj/`"4T}146.520MHz listening on 146.500_1<0x0d>

Digipeater K6FGA-1 audio level = 48(27/16)   [NONE]   _||||||__
[0.3] KK6DAC-14>SWRWVW,WA6TOW-2,WIDE1,K6FGA-1*,WIDE2:`2a5l#:x/"3u}Battery: 13.4V Temp: 70F

Digipeater W6CX-3 audio level = 27(27/16)   [NONE]   __|||||__
[0.4] W6TDM-2>APOT30,W6CX-3*:!3719.14N/12201.72Wo 12.1V 98F cupertinoares.org

[ig>tx] WB6JHI-1>APDW15,TCPIP*,qAC,T2USANW:<IGATE,MSG_CNT=2675,PKT_CNT=440,DIR_CNT=4,LOC_CNT=6,RF_CNT=21,UPL_CNT=147739,DNL_CNT=173616

RANCHO audio level = 65(30/16)   [NONE]   __|||||||
[0.5] RANCHO>APN391:!3843.52N112038.40W#PHG2560/NCAn,TEMPn/AG6AU/Rancho del Sol,Camino,CA/A=003400<0x0d>

Digipeater K6FGA-1 audio level = 47(29/16)   [NONE]   _|||||||_
[0.4] K9TSR-9>S7TXRV,BKELEY,WIDE1,K6FGA-1*,WIDE2:`2)[mp)j/`"4V}146.520MHz listening on 146.500_1<0x0d>

Digipeater K6FGA-1 audio level = 47(30/16)   [NONE]   _|||||||_
[0.4] KW6V-9>SXSXUQ,K6FGA-1*,WIDE2-1:`13dqRQk/`"3v}_%<0x0d>

[ig>tx] K6CDF-3>APWW11,TCPIP*,qAC,T2FEJER:@215714h3941.17NI12334.92W&

Digipeater NCA1 audio level = 49(34/18)   [NONE]   ____:||__
[0.5] K6CDF-3>APWW11,K6CDF-8,NCA1*:@215714h3941.17NI12334.92W&

Digipeater K6FGA-1 audio level = 47(28/16)   [NONE]   _||||||__
[0.3] K9TSR-9>S7TXST,BKELEY,WIDE1,K6FGA-1*,WIDE2:`2)RmHVj/`"4^}146.520MHz listening on 146.500_1<0x0d>

Digipeater K6FGA-1 audio level = 47(27/16)   [NONE]   _||||||__
[0.3] KK6DAC-14>APTT4,WA6TOW-2,WIDE1,K6FGA-1*,WIDE2:T#469,134,070,127,106,089,00000011

Digipeater K6FGA-1 audio level = 47(27/17)   [NONE]   __||||||_
[0.4] W6DY-12>TP2XXR,N6RZR-3,WIDE1,K6FGA-1*,WIDE2-1:`2/4l W>/'"5>}!wm)!|3

Digipeater K6FGA-1 audio level = 47(23/17)   [NONE]   __||||||_
[0.4] ALDER>BEACON,K6FGA-1*,WIDE2:T#778,219,045,031,024,119,00010001<0x0d>

Digipeater K6FGA-1 audio level = 46(24/17)   [NONE]   _|||||||_
[0.4] ALDER>APN391,K6FGA-1*,WIDE2-1:!3844.64N112020.40W#PHG2630/NCAn,TEMPn/AG6AU/Alder Ridge, CA/A=006141<0x0d>

Digipeater K6FGA-1 audio level = 47(24/18)   [NONE]   _|||||||_
[0.4] N6YBH-9>3X4VQQ,ALDER,K6FGA-1*,WIDE2:`0>Ul#Jj/`"@T}_%<0x0d>

Digipeater K6FGA-1 audio level = 47(28/16)   [NONE]   _|||||||_
[0.4] KE6CAC>S8RTZZ,K6FGA-1*,WIDE2-2:'17Xl <0x1c>-/]<0x0d>

Digipeater W6CX-3 audio level = 41(32/16)   [NONE]   __|||||__
[0.4] KA6DWN-9>S7SYQY,W6CX-3*:`1Ogn\Kk/]"5^}<0x0d>

[ig>tx] K6MRP-10>APX210,TCPIP*,qAC,NINTH:=3758.12N/12146.45W&PHG2200iGate RasPi with TYT UV88 on JPole

Digipeater W6CX-3 audio level = 23(27/14)   [NONE]   ___||||__
[0.4] K6MRP-10>APX210,W6CX-3*:=3758.12N/12146.45W&PHG2200iGate RasPi with TYT UV88 on JPole<0x0d>

[ig>tx] W6SCR>APMI06,TCPIP*,qAC,T2USANW:@072159z3942.75N/12147.10W/Butte SAR Headquarters 14.0volts

KW6V-9 audio level = 74(34/17)   [NONE]   ____::||_
[0.6] KW6V-9>SXSXVT,WIDE1-1,WIDE2-1:`13'lS%k/`"4!}_%<0x0d>
[0H] KW6V-9>SXSXVT,GTOWN*,WIDE2-1:`13'lS%k/`"4!}_%<0x0d>
FX.25[0.3]: Matched correlation tag 0x03 with 1 bit errors.  Expecting 64 data & 16 check bytes.
FX.25[0.4]: Matched correlation tag 0x03 with 1 bit errors.  Expecting 64 data & 16 check bytes.
FX.25[0.0]: Matched correlation tag 0x03 with 1 bit errors.  Expecting 64 data & 16 check bytes.
FX.25[0.1]: Matched correlation tag 0x03 with 1 bit errors.  Expecting 64 data & 16 check bytes.
FX.25[0.2]: Matched correlation tag 0x03 with 1 bit errors.  Expecting 64 data & 16 check bytes.
FX.25[0.0]: FEC complete with no errors.
FX.25[0.1]: FEC complete with no errors.
FX.25[0.2]: FEC complete with no errors.
FX.25[0.3]: FEC complete with no errors.
FX.25[0.4]: FEC complete with no errors.

Digipeater GTOWN audio level = 19(20/11)    00000____
[0.2] KW6V-9>SXSXVT,GTOWN*,WIDE2-1:`13'lS%k/`"4!}_%<0x0d>

Digipeater W6CX-3 audio level = 39(31/17)   [NONE]   __|||||__
[0.4] KF5IIR-9>SWTRSR,W6CX-3*,WIDE2-1:`1SXlH!K\>=<0x0d>

Digipeater K6FGA-1 audio level = 47(25/16)   [NONE]   __||||||_
[0.4] KF5IIR-9>SWTRSR,W6CX-3,K6FGA-1*,WIDE2:`1SXlH!K\>=<0x0d>

Digipeater K6FGA-1 audio level = 47(29/16)   [NONE]   _|||||||_
[0.4] TOULON>TPPTPX,MILLS,WIDE1,K6FGA-1*,WIDE2:'.G]l <0x1c>#/"Ji}

Digipeater K6FGA-1 audio level = 47(25/16)   [NONE]   _|||||||_
[0.4] W6DY-12>TP2XXR,N6RZR-3,WIDE1,K6FGA-1*,WIDE2-1:`2/4l W>/'"5>}!wm)!|3

[ig>tx] K6CDF-3>APWW11,TCPIP*,qAC,T2FEJER:>CM89fqI&DX: WB6TMS-5 106.9mi 149° 21:59 3820.95N 12234.80W<0x20>

Digipeater NCA1 audio level = 48(29/16)   [NONE]   ___::||__
[0.5] K6CDF-3>APWW11,K6CDF-8,NCA1*:>CM89fqI&DX: WB6TMS-5 106.9mi 149° 21:59 3820.95N 12234.80W<0x20>

[ig>tx] KM6LYW-3>APRS,TCPIP*,qAC,T2SJC:/072150z3854.83N/12057.14W_222/...g007t072r000h30b10144Cool, CA
[0L] GTOWN>APDW16,WIDE1-1,WIDE2-1:}KM6LYW-3>APRS,TCPIP,GTOWN*:/072150z3854.83N/12057.14W_222/...g007t072r000h30b10144Cool, CA
FX.25[0.0]: Matched correlation tag 0x02 with 0 bit errors.  Expecting 128 data & 16 check bytes.
FX.25[0.1]: Matched correlation tag 0x02 with 0 bit errors.  Expecting 128 data & 16 check bytes.
FX.25[0.2]: Matched correlation tag 0x02 with 0 bit errors.  Expecting 128 data & 16 check bytes.
FX.25[0.3]: Matched correlation tag 0x02 with 0 bit errors.  Expecting 128 data & 16 check bytes.
FX.25[0.4]: Matched correlation tag 0x02 with 0 bit errors.  Expecting 128 data & 16 check bytes.
FX.25[0.0]: FEC complete with no errors.
FX.25[0.1]: FEC complete with no errors.
FX.25[0.2]: FEC complete with no errors.
FX.25[0.3]: FEC complete with no errors.
FX.25[0.4]: FEC complete with no errors.

GTOWN audio level = 8(17/10)    00000____
[0.2] GTOWN>APDW16,WIDE1-1,WIDE2-1:}KM6LYW-3>APRS,TCPIP,GTOWN*:/072150z3854.83N/12057.14W_222/...g007t072r000h30b10144Cool, CA

Digipeater K6FGA-1 audio level = 46(31/17)   [NONE]   _||||||__
[0.3] KJ6LNH-1>APRS,K6FGA-1*,WIDE2-1:@072200z3800.62N/12158.15W_238/005g006t069r000p000P000b10130h49

[ig>tx] N6VV-2>APMI06,TCPIP*,qAC,T2SJC:@072200z3757.13NI12205.63W&Contra Costa IGATE

Digipeater K6FGA-1 audio level = 46(22/16)   [NONE]   _|||||||_
[0.4] GAPWX>APOTW1,GAPCON,WIDE1,K6FGA-1*,WIDE2:!3900.45N/12018.75W_045/003g007t057P000h42b10165OTW1

Digipeater W6CX-3 audio level = 28(28/14)   [NONE]   __|||||__
[0.4] N6VV-2>APMI06,W6CX-3*:@072200z3757.13NI12205.63W&Contra Costa IGATE

W6CX-3 audio level = 23(26/13)   [NONE]   __||||:__
[0.4] W6CX-3>APN382,NCA1-1:!3753.56N112153.96W#PHG5430/W1,NCAn/N.Peak,Mt Diablo/A=003624<0x0d>

Digipeater K6FGA-1 audio level = 46(24/16)   [NONE]   _|||||||_
[0.4] W6CX-3>APN382,K6FGA-1*,NCA1:!3753.56N112153.96W#PHG5430/W1,NCAn/N.Peak,Mt Diablo/A=003624<0x0d>

Digipeater W6CX-3 audio level = 23(24/12)   [NONE]   ___||||__
[0.4] K6IXA-3>APIN20,W6CX-3*,WIDE2-1:@072151z3644.13N/11851.55W_244/003g009t049r000p000P000h64b10220.DsVP<0x0d><0x0a>

Digipeater K6FGA-1 audio level = 47(24/16)   [NONE]   _|||||||_
[0.4] K6IXA-3>APIN20,W6CX-3,K6FGA-1*,WIDE2:@072151z3644.13N/11851.55W_244/003g009t049r000p000P000h64b10220.DsVP<0x0d><0x0a>

Digipeater K6FGA-1 audio level = 47(24/18)   [NONE]   _|||||||_
[0.4] KW6V-9>SXSXVP,ALDER,K6FGA-1*,WIDE2:`13<0x1c>m!^k/`"4%}_%<0x0d>

Digipeater K6FGA-1 audio level = 47(26/17)   [NONE]   __||||||_
[0.4] KJ6IX-9>S8USPQ,ALDER,K6FGA-1*,WIDE2:`/H3l#=k/"D3}MONITOR 146.52 MHZ

K6FGA-1 audio level = 47(29/16)   [NONE]   _|||||||_
[0.4] K6FGA-1>APN382:!3914.74NS12057.91W#PHG4520/Wn,NCAn/Banner Mt/CDFVIP/A=003940<0x0d>

W6CX-3 audio level = 24(25/15)   [NONE]   __|||||__
[0.4] W6CX-3>BEACON:;147.06+MD*111111z3752.92N/12155.14Wr T100 R25m MDARC.org talk-in<0x0d>

Digipeater K6FGA-1 audio level = 48(24/17)   [NONE]   _||||||__
[0.3] KO6TH-15>APWW11,K6FGA-1*,WIDE2:/071501z3857.54N/12106.64W_000/002g000t075r000p000P000h34b00000

W6CX-3 audio level = 24(25/13)   [NONE]   __|||||__
[0.4] W6CX-3>APN382:!3753.56N112153.96W#PHG5430/W1,NCAn/N.Peak,Mt Diablo/A=003624<0x0d>

Digipeater K6FGA-1 audio level = 47(31/16)   [NONE]   _||||||__
[0.3] W6DY-12>TP2XXR,N6RZR-3,WIDE1,K6FGA-1*,WIDE2-1:`2/4l W>/'"5>}!wm)!|3

Digipeater W6CX-3 audio level = 41(31/20)   [NONE]   __:||||__
[0.4] KA6DWN-9>S7TPQV,W6CX-3*:`1OHl}Qk/]"59}<0x0d>

Digipeater K6FGA-1 audio level = 47(28/16)   [NONE]   _|||||||_
[0.4] KE6STH-13>SWQUYU,WR6ABD,K6FGA-1*,WIDE2:`1OBnH<0x7f>K\]"4<}=<0x0d>

WA7DJS-7 audio level = 76(38/22)   [NONE]   _____||__
[0.5] WA7DJS-7>APRS,WIDE1-1,WIDE2-1:!3835.29N/12130.23W>341/030/A=000000WA7DJS-7
[0H] WA7DJS-7>APRS,GTOWN*,WIDE2-1:!3835.29N/12130.23W>341/030/A=000000WA7DJS-7
FX.25[0.0]: Matched correlation tag 0x02 with 0 bit errors.  Expecting 128 data & 16 check bytes.
FX.25[0.1]: Matched correlation tag 0x02 with 0 bit errors.  Expecting 128 data & 16 check bytes.
FX.25[0.2]: Matched correlation tag 0x02 with 0 bit errors.  Expecting 128 data & 16 check bytes.
FX.25[0.3]: Matched correlation tag 0x02 with 0 bit errors.  Expecting 128 data & 16 check bytes.
FX.25[0.4]: Matched correlation tag 0x02 with 0 bit errors.  Expecting 128 data & 16 check bytes.
FX.25[0.0]: FEC complete with no errors.
FX.25[0.1]: FEC complete with no errors.
FX.25[0.2]: FEC complete with no errors.
FX.25[0.3]: FEC complete with no errors.
FX.25[0.4]: FEC complete, fixed  2 errors in byte positions: 3 90

Digipeater GTOWN audio level = 7(16/9)    00002____
[0.2] WA7DJS-7>APRS,GTOWN*,WIDE2-1:!3835.29N/12130.23W>341/030/A=000000WA7DJS-7

[ig>tx] KO6TH>APWW11,TCPIP*,qAC,T2ALBERTA:;145.430/R*111111z3853.79N/12104.61Wr145.430MHz T162 -060 NetTh1730 W6EK SFARC Repeater

ALDER audio level = 97(32/23)   [SINGLE]   _____:___
[0.5] ALDER>BEACON,WIDE2-1:T#779,219,045,031,024,119,00010001<0x0d>

Digipeater K6FGA-1 audio level = 47(31/16)   [NONE]   _|||||||_
[0.4] ALDER>BEACON,K6FGA-1*,WIDE2:T#779,219,045,031,024,119,00010001<0x0d>

Digipeater W6CX-3 audio level = 31(26/15)   [NONE]   __|||||__
[0.4] KS4FUN-12>3X0PRU,W6CX-3*,WIDE2-1:`2^=l!O+/'"47}|'{%i'd|!wyH!|3

Digipeater K6FGA-1 audio level = 48(28/16)   [NONE]   __|||||__
[0.4] KS4FUN-12>3X0PRU,W6CX-3,K6FGA-1*,WIDE2:`2^=l!O+/'"47}|'{%i'd|!wyH!|3

Digipeater K6FGA-1 audio level = 47(24/17)   [NONE]   __||||||_
[0.4] SPDRLK>APOT30,ALDER,K6FGA-1*,WIDE2:!3900.86N/12016.19W#N6YBH Spider Lake DIGI

Digipeater K6FGA-1 audio level = 47(24/16)   [NONE]   _||||||__
[0.3] W6DY-12>TP2XXR,N6RZR-3,WIDE1,K6FGA-1*,WIDE2-1:`2/4l W>/'"5>}MT-AIO TT3  146.52  14287!wm)!|3

Digipeater K6FGA-1 audio level = 47(30/18)   [NONE]   _|||||||_
[0.4] KE6CAC>S8RTZZ,K6FGA-1*,WIDE2-2:'17Xl <0x1c>-/]<0x0d>

Digipeater K6FGA-1 audio level = 47(26/20)   [NONE]   _|||||||_
[0.4] KE6CAC>S8RTZZ,SPDRLK,GAPCON,K6FGA-1*,WIDE2:'17Xl <0x1c>-/]<0x0d>

Digipeater W6CX-3 audio level = 39(28/17)   [NONE]   __||||___
[0.3] KE6CAC>S8RTZZ,N6FRG-2,W6CX-3*:'17Xl <0x1c>-/]<0x0d>

Digipeater K6FGA-1 audio level = 48(24/16)   [NONE]   __||||||_
[0.4] N6YBH-9>3X4UWV,K6CDF-8,K6FGA-1*,WIDE2:`0>Zl!<0x1e>j/`"A*}_%<0x0d>
